
*** Running vivado
    with args -log design_ascon_axi_gpio_3_1.vds -m64 -product Vivado -mode batch -messageDb vivado.pb -notrace -source design_ascon_axi_gpio_3_1.tcl


ECHO disattivato.
ECHO disattivato.

****** Vivado v2023.1 (64-bit)
  **** SW Build 3865809 on Sun May  7 15:05:29 MDT 2023
  **** IP Build 3864474 on Sun May  7 20:36:21 MDT 2023
  **** SharedData Build 3865790 on Sun May 07 13:33:03 MDT 2023
    ** Copyright 1986-2022 Xilinx, Inc. All Rights Reserved.
    ** Copyright 2022-2023 Advanced Micro Devices, Inc. All Rights Reserved.

source design_ascon_axi_gpio_3_1.tcl -notrace
create_project: Time (s): cpu = 00:00:09 ; elapsed = 00:00:09 . Memory (MB): peak = 419.746 ; gain = 159.980
INFO: [IP_Flow 19-234] Refreshing IP repositories
INFO: [IP_Flow 19-1700] Loaded user IP repository 'c:/Users/david/Documents/ASCON-project/project_ascon.srcs'.
INFO: [IP_Flow 19-2313] Loaded Vivado IP repository 'C:/Xilinx/Vivado/2023.1/data/ip'.
INFO: [IP_Flow 19-6924] IPCACHE: Running cache check for IP inst: design_ascon_axi_gpio_3_1
INFO: [IP_Flow 19-6922] IPCACHE: Exporting cached entry fbbde695a8f257b4 to dir: C:/Users/david/Documents/ASCON-project/project_ascon.runs/design_ascon_axi_gpio_3_1_synth_1
INFO: [IP_Flow 19-6928] IPCACHE: copied cached file c:/Users/david/Documents/ASCON-project/project_ascon.cache/ip/2023.1/f/b/fbbde695a8f257b4/design_ascon_axi_gpio_0_1.dcp to C:/Users/david/Documents/ASCON-project/project_ascon.runs/design_ascon_axi_gpio_3_1_synth_1/design_ascon_axi_gpio_3_1.dcp.
INFO: [IP_Flow 19-6928] IPCACHE: copied cached file c:/Users/david/Documents/ASCON-project/project_ascon.cache/ip/2023.1/f/b/fbbde695a8f257b4/design_ascon_axi_gpio_0_1_sim_netlist.v to C:/Users/david/Documents/ASCON-project/project_ascon.runs/design_ascon_axi_gpio_3_1_synth_1/design_ascon_axi_gpio_3_1_sim_netlist.v.
INFO: [IP_Flow 19-6928] IPCACHE: copied cached file c:/Users/david/Documents/ASCON-project/project_ascon.cache/ip/2023.1/f/b/fbbde695a8f257b4/design_ascon_axi_gpio_0_1_sim_netlist.vhdl to C:/Users/david/Documents/ASCON-project/project_ascon.runs/design_ascon_axi_gpio_3_1_synth_1/design_ascon_axi_gpio_3_1_sim_netlist.vhdl.
INFO: [IP_Flow 19-6928] IPCACHE: copied cached file c:/Users/david/Documents/ASCON-project/project_ascon.cache/ip/2023.1/f/b/fbbde695a8f257b4/design_ascon_axi_gpio_0_1_stub.v to C:/Users/david/Documents/ASCON-project/project_ascon.runs/design_ascon_axi_gpio_3_1_synth_1/design_ascon_axi_gpio_3_1_stub.v.
INFO: [IP_Flow 19-6928] IPCACHE: copied cached file c:/Users/david/Documents/ASCON-project/project_ascon.cache/ip/2023.1/f/b/fbbde695a8f257b4/design_ascon_axi_gpio_0_1_stub.vhdl to C:/Users/david/Documents/ASCON-project/project_ascon.runs/design_ascon_axi_gpio_3_1_synth_1/design_ascon_axi_gpio_3_1_stub.vhdl.
INFO: [IP_Flow 19-4838] Using cached IP synthesis design for IP design_ascon_axi_gpio_3_1, cache-ID = fbbde695a8f257b4.
INFO: [Common 17-206] Exiting Vivado at Fri Jun  2 20:56:34 2023...
