Copyright 1986-2022 Xilinx, Inc. All Rights Reserved.
------------------------------------------------------------------------------------
| Tool Version : Vivado v.2022.2 (win64) Build 3671981 Fri Oct 14 05:00:03 MDT 2022
| Date         : Thu Jun  1 16:52:46 2023
| Host         : INSPIRON-7370 running 64-bit major release  (build 9200)
| Command      : upgrade_ip
| Device       : xc7z020clg484-1
------------------------------------------------------------------------------------

Upgrade Log for IP 'design_ascon_ascon_core_0_2'

1. Summary
----------

SUCCESS in the conversion of design_ascon_ascon_core_0_2 (xilinx.com:user:ascon_core:1.0 (Rev. 8)) to Vivado generation flows.






Copyright 1986-2022 Xilinx, Inc. All Rights Reserved.
------------------------------------------------------------------------------------
| Tool Version : Vivado v.2022.2 (win64) Build 3671981 Fri Oct 14 05:00:03 MDT 2022
| Date         : Thu Jun  1 16:46:20 2023
| Host         : INSPIRON-7370 running 64-bit major release  (build 9200)
| Command      : upgrade_ip
| Device       : xc7z020clg484-1
------------------------------------------------------------------------------------

Upgrade Log for IP 'design_ascon_ascon_core_0_2'

1. Summary
----------

SUCCESS in the conversion of design_ascon_ascon_core_0_2 (xilinx.com:user:ascon_core:1.0 (Rev. 8)) to Vivado generation flows.






Copyright 1986-2022 Xilinx, Inc. All Rights Reserved.
------------------------------------------------------------------------------------
| Tool Version : Vivado v.2022.2 (win64) Build 3671981 Fri Oct 14 05:00:03 MDT 2022
| Date         : Tue May 30 11:16:53 2023
| Host         : INSPIRON-7370 running 64-bit major release  (build 9200)
| Command      : upgrade_ip
| Device       : xc7z020clg484-1
------------------------------------------------------------------------------------

Upgrade Log for IP 'design_ascon_top_module_0_1'

1. Summary
----------

SUCCESS in the conversion of design_ascon_top_module_0_1 (xilinx.com:user:top_module:1.0 (Rev. 3)) to Vivado generation flows.

