
*** Running vivado
    with args -log design_ascon_axi_gpio_8_0.vds -m64 -product Vivado -mode batch -messageDb vivado.pb -notrace -source design_ascon_axi_gpio_8_0.tcl



****** Vivado v2022.2 (64-bit)
  **** SW Build 3671981 on Fri Oct 14 05:00:03 MDT 2022
  **** IP Build 3669848 on Fri Oct 14 08:30:02 MDT 2022
    ** Copyright 1986-2022 Xilinx, Inc. All Rights Reserved.

source design_ascon_axi_gpio_8_0.tcl -notrace
create_project: Time (s): cpu = 00:00:06 ; elapsed = 00:00:07 . Memory (MB): peak = 377.816 ; gain = 65.211
INFO: [IP_Flow 19-234] Refreshing IP repositories
INFO: [IP_Flow 19-1700] Loaded user IP repository 'c:/Users/david/Documents/ASCON-project/project_ascon.srcs'.
INFO: [IP_Flow 19-2313] Loaded Vivado IP repository 'C:/Xilinx/Vivado/2022.2/data/ip'.
INFO: [IP_Flow 19-6924] IPCACHE: Running cache check for IP inst: design_ascon_axi_gpio_8_0
INFO: [IP_Flow 19-6922] IPCACHE: Exporting cached entry 7fe424b8bb7f11d0 to dir: C:/Users/david/Documents/ASCON-project/project_ascon.runs/design_ascon_axi_gpio_8_0_synth_1
INFO: [IP_Flow 19-6928] IPCACHE: copied cached file c:/Users/david/Documents/ASCON-project/project_ascon.cache/ip/2022.2/7/f/7fe424b8bb7f11d0/design_ascon_axi_gpio_0_0.dcp to C:/Users/david/Documents/ASCON-project/project_ascon.runs/design_ascon_axi_gpio_8_0_synth_1/design_ascon_axi_gpio_8_0.dcp.
INFO: [IP_Flow 19-6928] IPCACHE: copied cached file c:/Users/david/Documents/ASCON-project/project_ascon.cache/ip/2022.2/7/f/7fe424b8bb7f11d0/design_ascon_axi_gpio_0_0_sim_netlist.v to C:/Users/david/Documents/ASCON-project/project_ascon.runs/design_ascon_axi_gpio_8_0_synth_1/design_ascon_axi_gpio_8_0_sim_netlist.v.
INFO: [IP_Flow 19-6928] IPCACHE: copied cached file c:/Users/david/Documents/ASCON-project/project_ascon.cache/ip/2022.2/7/f/7fe424b8bb7f11d0/design_ascon_axi_gpio_0_0_sim_netlist.vhdl to C:/Users/david/Documents/ASCON-project/project_ascon.runs/design_ascon_axi_gpio_8_0_synth_1/design_ascon_axi_gpio_8_0_sim_netlist.vhdl.
INFO: [IP_Flow 19-6928] IPCACHE: copied cached file c:/Users/david/Documents/ASCON-project/project_ascon.cache/ip/2022.2/7/f/7fe424b8bb7f11d0/design_ascon_axi_gpio_0_0_stub.v to C:/Users/david/Documents/ASCON-project/project_ascon.runs/design_ascon_axi_gpio_8_0_synth_1/design_ascon_axi_gpio_8_0_stub.v.
INFO: [IP_Flow 19-6928] IPCACHE: copied cached file c:/Users/david/Documents/ASCON-project/project_ascon.cache/ip/2022.2/7/f/7fe424b8bb7f11d0/design_ascon_axi_gpio_0_0_stub.vhdl to C:/Users/david/Documents/ASCON-project/project_ascon.runs/design_ascon_axi_gpio_8_0_synth_1/design_ascon_axi_gpio_8_0_stub.vhdl.
INFO: [IP_Flow 19-4838] Using cached IP synthesis design for IP design_ascon_axi_gpio_8_0, cache-ID = 7fe424b8bb7f11d0.
INFO: [Common 17-206] Exiting Vivado at Thu Jun  1 17:00:59 2023...
