Copyright 1986-2022 Xilinx, Inc. All Rights Reserved. Copyright 2022-2023 Advanced Micro Devices, Inc. All Rights Reserved.
---------------------------------------------------------------------------------------------------------------------------------------------
| Tool Version : Vivado v.2023.1 (win64) Build 3865809 Sun May  7 15:05:29 MDT 2023
| Date         : Fri Jun  2 21:25:47 2023
| Host         : INSPIRON-7370 running 64-bit major release  (build 9200)
| Command      : report_control_sets -verbose -file design_ascon_wrapper_control_sets_placed.rpt
| Design       : design_ascon_wrapper
| Device       : xc7z020
---------------------------------------------------------------------------------------------------------------------------------------------

Control Set Information

Table of Contents
-----------------
1. Summary
2. Histogram
3. Flip-Flop Distribution
4. Detailed Control Set Information

1. Summary
----------

+----------------------------------------------------------+-------+
|                          Status                          | Count |
+----------------------------------------------------------+-------+
| Total control sets                                       |   202 |
|    Minimum number of control sets                        |   161 |
|    Addition due to synthesis replication                 |     0 |
|    Addition due to physical synthesis replication        |    41 |
| Unused register locations in slices containing registers |   501 |
+----------------------------------------------------------+-------+
* Control sets can be merged at opt_design using control_set_merge or merge_equivalent_drivers
** Run report_qor_suggestions for automated merging and remapping suggestions


2. Histogram
------------

+--------------------+-------+
|       Fanout       | Count |
+--------------------+-------+
| Total control sets |   202 |
| >= 0 to < 4        |     2 |
| >= 4 to < 6        |    57 |
| >= 6 to < 8        |     2 |
| >= 8 to < 10       |     4 |
| >= 10 to < 12      |     3 |
| >= 12 to < 14      |     7 |
| >= 14 to < 16      |     6 |
| >= 16              |   121 |
+--------------------+-------+
* Control sets can be remapped at either synth_design or opt_design


3. Flip-Flop Distribution
-------------------------

+--------------+-----------------------+------------------------+-----------------+--------------+
| Clock Enable | Synchronous Set/Reset | Asynchronous Set/Reset | Total Registers | Total Slices |
+--------------+-----------------------+------------------------+-----------------+--------------+
| No           | No                    | No                     |             929 |          291 |
| No           | No                    | Yes                    |               0 |            0 |
| No           | Yes                   | No                     |            1446 |          427 |
| Yes          | No                    | No                     |             754 |          199 |
| Yes          | No                    | Yes                    |            1777 |          521 |
| Yes          | Yes                   | No                     |            1265 |          325 |
+--------------+-----------------------+------------------------+-----------------+--------------+


4. Detailed Control Set Information
-----------------------------------

+-----------------------------------------------------+--------------------------------------------------------------------------------------------------------------------------------------------------------------------+-----------------------------------------------------------------------------------------------------------------------------------------------------------+------------------+----------------+--------------+
|                     Clock Signal                    |                                                                            Enable Signal                                                                           |                                                                      Set/Reset Signal                                                                     | Slice Load Count | Bel Load Count | Bels / Slice |
+-----------------------------------------------------+--------------------------------------------------------------------------------------------------------------------------------------------------------------------+-----------------------------------------------------------------------------------------------------------------------------------------------------------+------------------+----------------+--------------+
|  design_ascon_i/processing_system7_0/inst/FCLK_CLK0 | design_ascon_i/ps7_0_axi_periph/s00_couplers/auto_pc/inst/gen_axilite.gen_b2s_conv.axilite_b2s/WR.aw_channel_0/aw_cmd_fsm_0/FSM_sequential_state_reg[0]_1          | design_ascon_i/ps7_0_axi_periph/s00_couplers/auto_pc/inst/gen_axilite.gen_b2s_conv.axilite_b2s/WR.aw_channel_0/aw_cmd_fsm_0/FSM_sequential_state_reg[0]_0 |                1 |              1 |         1.00 |
|  design_ascon_i/processing_system7_0/inst/FCLK_CLK0 | design_ascon_i/ps7_0_axi_periph/s00_couplers/auto_pc/inst/gen_axilite.gen_b2s_conv.axilite_b2s/WR.b_channel_0/bid_fifo_0/sel                                       |                                                                                                                                                           |                1 |              2 |         2.00 |
|  design_ascon_i/processing_system7_0/inst/FCLK_CLK0 | design_ascon_i/axi_gpio_nonce_3/U0/AXI_LITE_IPIF_I/I_SLAVE_ATTACHMENT/start2                                                                                       | design_ascon_i/axi_gpio_nonce_3/U0/AXI_LITE_IPIF_I/I_SLAVE_ATTACHMENT/I_DECODER/cs_ce_clr                                                                 |                1 |              4 |         4.00 |
|  design_ascon_i/processing_system7_0/inst/FCLK_CLK0 | design_ascon_i/axi_gpio_plaintext_2/U0/AXI_LITE_IPIF_I/I_SLAVE_ATTACHMENT/start2                                                                                   | design_ascon_i/axi_gpio_plaintext_2/U0/AXI_LITE_IPIF_I/I_SLAVE_ATTACHMENT/I_DECODER/cs_ce_clr                                                             |                1 |              4 |         4.00 |
|  design_ascon_i/processing_system7_0/inst/FCLK_CLK0 |                                                                                                                                                                    | design_ascon_i/axi_gpio_ciphertext_0/U0/AXI_LITE_IPIF_I/I_SLAVE_ATTACHMENT/clear                                                                          |                1 |              4 |         4.00 |
|  design_ascon_i/processing_system7_0/inst/FCLK_CLK0 | design_ascon_i/axi_gpio_plaintext_2/U0/AXI_LITE_IPIF_I/I_SLAVE_ATTACHMENT/bus2ip_addr_i[8]_i_1_n_0                                                                 | design_ascon_i/axi_gpio_plaintext_2/U0/AXI_LITE_IPIF_I/I_SLAVE_ATTACHMENT/SR[0]                                                                           |                1 |              4 |         4.00 |
|  design_ascon_i/processing_system7_0/inst/FCLK_CLK0 |                                                                                                                                                                    | design_ascon_i/axi_gpio_plaintext_0/U0/AXI_LITE_IPIF_I/I_SLAVE_ATTACHMENT/clear                                                                           |                1 |              4 |         4.00 |
|  design_ascon_i/processing_system7_0/inst/FCLK_CLK0 | design_ascon_i/axi_gpio_key_1/U0/AXI_LITE_IPIF_I/I_SLAVE_ATTACHMENT/start2                                                                                         | design_ascon_i/axi_gpio_key_1/U0/AXI_LITE_IPIF_I/I_SLAVE_ATTACHMENT/I_DECODER/cs_ce_clr                                                                   |                1 |              4 |         4.00 |
|  design_ascon_i/processing_system7_0/inst/FCLK_CLK0 | design_ascon_i/axi_gpio_enable/U0/AXI_LITE_IPIF_I/I_SLAVE_ATTACHMENT/start2                                                                                        | design_ascon_i/axi_gpio_enable/U0/AXI_LITE_IPIF_I/I_SLAVE_ATTACHMENT/I_DECODER/cs_ce_clr                                                                  |                1 |              4 |         4.00 |
|  design_ascon_i/processing_system7_0/inst/FCLK_CLK0 | design_ascon_i/axi_gpio_plaintext_1/U0/AXI_LITE_IPIF_I/I_SLAVE_ATTACHMENT/bus2ip_addr_i[8]_i_1_n_0                                                                 | design_ascon_i/axi_gpio_plaintext_1/U0/AXI_LITE_IPIF_I/I_SLAVE_ATTACHMENT/SR[0]                                                                           |                1 |              4 |         4.00 |
|  design_ascon_i/processing_system7_0/inst/FCLK_CLK0 |                                                                                                                                                                    | design_ascon_i/axi_gpio_ciphertext_2/U0/AXI_LITE_IPIF_I/I_SLAVE_ATTACHMENT/clear                                                                          |                1 |              4 |         4.00 |
|  design_ascon_i/processing_system7_0/inst/FCLK_CLK0 | design_ascon_i/axi_gpio_enable/U0/AXI_LITE_IPIF_I/I_SLAVE_ATTACHMENT/bus2ip_addr_i[8]_i_1_n_0                                                                      | design_ascon_i/axi_gpio_enable/U0/AXI_LITE_IPIF_I/I_SLAVE_ATTACHMENT/SS[0]                                                                                |                1 |              4 |         4.00 |
|  design_ascon_i/processing_system7_0/inst/FCLK_CLK0 |                                                                                                                                                                    | design_ascon_i/axi_gpio_ciphertext_1/U0/AXI_LITE_IPIF_I/I_SLAVE_ATTACHMENT/clear                                                                          |                1 |              4 |         4.00 |
|  design_ascon_i/processing_system7_0/inst/FCLK_CLK0 |                                                                                                                                                                    | design_ascon_i/axi_gpio_key_1/U0/AXI_LITE_IPIF_I/I_SLAVE_ATTACHMENT/clear                                                                                 |                1 |              4 |         4.00 |
|  design_ascon_i/processing_system7_0/inst/FCLK_CLK0 | design_ascon_i/axi_gpio_ciphertext_3/U0/AXI_LITE_IPIF_I/I_SLAVE_ATTACHMENT/bus2ip_addr_i[8]_i_1_n_0                                                                | design_ascon_i/axi_gpio_ciphertext_3/U0/AXI_LITE_IPIF_I/I_SLAVE_ATTACHMENT/SR[0]                                                                          |                1 |              4 |         4.00 |
|  design_ascon_i/processing_system7_0/inst/FCLK_CLK0 |                                                                                                                                                                    | design_ascon_i/axi_gpio_ciphertext_3/U0/AXI_LITE_IPIF_I/I_SLAVE_ATTACHMENT/clear                                                                          |                1 |              4 |         4.00 |
|  design_ascon_i/processing_system7_0/inst/FCLK_CLK0 | design_ascon_i/axi_gpio_key_1/U0/AXI_LITE_IPIF_I/I_SLAVE_ATTACHMENT/bus2ip_addr_i[8]_i_1_n_0                                                                       | design_ascon_i/axi_gpio_key_1/U0/AXI_LITE_IPIF_I/I_SLAVE_ATTACHMENT/SR[0]                                                                                 |                1 |              4 |         4.00 |
|  design_ascon_i/processing_system7_0/inst/FCLK_CLK0 |                                                                                                                                                                    | design_ascon_i/axi_gpio_enable/U0/AXI_LITE_IPIF_I/I_SLAVE_ATTACHMENT/clear                                                                                |                1 |              4 |         4.00 |
|  design_ascon_i/processing_system7_0/inst/FCLK_CLK0 | design_ascon_i/axi_gpio_key_0/U0/AXI_LITE_IPIF_I/I_SLAVE_ATTACHMENT/bus2ip_addr_i[8]_i_1_n_0                                                                       | design_ascon_i/axi_gpio_key_0/U0/AXI_LITE_IPIF_I/I_SLAVE_ATTACHMENT/SR[0]                                                                                 |                2 |              4 |         2.00 |
|  design_ascon_i/processing_system7_0/inst/FCLK_CLK0 |                                                                                                                                                                    | design_ascon_i/axi_gpio_plaintext_1/U0/AXI_LITE_IPIF_I/I_SLAVE_ATTACHMENT/clear                                                                           |                1 |              4 |         4.00 |
|  design_ascon_i/processing_system7_0/inst/FCLK_CLK0 | design_ascon_i/axi_gpio_key_0/U0/AXI_LITE_IPIF_I/I_SLAVE_ATTACHMENT/start2                                                                                         | design_ascon_i/axi_gpio_key_0/U0/AXI_LITE_IPIF_I/I_SLAVE_ATTACHMENT/I_DECODER/cs_ce_clr                                                                   |                1 |              4 |         4.00 |
|  design_ascon_i/processing_system7_0/inst/FCLK_CLK0 |                                                                                                                                                                    | design_ascon_i/axi_gpio_key_0/U0/AXI_LITE_IPIF_I/I_SLAVE_ATTACHMENT/clear                                                                                 |                1 |              4 |         4.00 |
|  design_ascon_i/processing_system7_0/inst/FCLK_CLK0 | design_ascon_i/axi_gpio_nonce_1/U0/AXI_LITE_IPIF_I/I_SLAVE_ATTACHMENT/bus2ip_addr_i[8]_i_1_n_0                                                                     | design_ascon_i/axi_gpio_nonce_1/U0/AXI_LITE_IPIF_I/I_SLAVE_ATTACHMENT/SR[0]                                                                               |                1 |              4 |         4.00 |
|  design_ascon_i/processing_system7_0/inst/FCLK_CLK0 | design_ascon_i/axi_gpio_ciphertext_3/U0/AXI_LITE_IPIF_I/I_SLAVE_ATTACHMENT/start2                                                                                  | design_ascon_i/axi_gpio_ciphertext_3/U0/AXI_LITE_IPIF_I/I_SLAVE_ATTACHMENT/I_DECODER/cs_ce_clr                                                            |                1 |              4 |         4.00 |
|  design_ascon_i/processing_system7_0/inst/FCLK_CLK0 | design_ascon_i/axi_gpio_ciphertext_1/U0/AXI_LITE_IPIF_I/I_SLAVE_ATTACHMENT/start2                                                                                  | design_ascon_i/axi_gpio_ciphertext_1/U0/AXI_LITE_IPIF_I/I_SLAVE_ATTACHMENT/I_DECODER/cs_ce_clr                                                            |                1 |              4 |         4.00 |
|  design_ascon_i/processing_system7_0/inst/FCLK_CLK0 | design_ascon_i/axi_gpio_plaintext_1/U0/AXI_LITE_IPIF_I/I_SLAVE_ATTACHMENT/start2                                                                                   | design_ascon_i/axi_gpio_plaintext_1/U0/AXI_LITE_IPIF_I/I_SLAVE_ATTACHMENT/I_DECODER/cs_ce_clr                                                             |                1 |              4 |         4.00 |
|  design_ascon_i/processing_system7_0/inst/FCLK_CLK0 | design_ascon_i/axi_gpio_nonce_1/U0/AXI_LITE_IPIF_I/I_SLAVE_ATTACHMENT/start2                                                                                       | design_ascon_i/axi_gpio_nonce_1/U0/AXI_LITE_IPIF_I/I_SLAVE_ATTACHMENT/I_DECODER/cs_ce_clr                                                                 |                1 |              4 |         4.00 |
|  design_ascon_i/processing_system7_0/inst/FCLK_CLK0 | design_ascon_i/axi_gpio_ciphertext_1/U0/AXI_LITE_IPIF_I/I_SLAVE_ATTACHMENT/bus2ip_addr_i[8]_i_1_n_0                                                                | design_ascon_i/axi_gpio_ciphertext_1/U0/AXI_LITE_IPIF_I/I_SLAVE_ATTACHMENT/SR[0]                                                                          |                1 |              4 |         4.00 |
|  design_ascon_i/processing_system7_0/inst/FCLK_CLK0 |                                                                                                                                                                    | design_ascon_i/axi_gpio_plaintext_2/U0/AXI_LITE_IPIF_I/I_SLAVE_ATTACHMENT/clear                                                                           |                1 |              4 |         4.00 |
|  design_ascon_i/processing_system7_0/inst/FCLK_CLK0 | design_ascon_i/axi_gpio_nonce_2/U0/AXI_LITE_IPIF_I/I_SLAVE_ATTACHMENT/bus2ip_addr_i[8]_i_1_n_0                                                                     | design_ascon_i/axi_gpio_nonce_2/U0/AXI_LITE_IPIF_I/I_SLAVE_ATTACHMENT/SR[0]                                                                               |                1 |              4 |         4.00 |
|  design_ascon_i/processing_system7_0/inst/FCLK_CLK0 | design_ascon_i/ps7_0_axi_periph/s00_couplers/auto_pc/inst/gen_axilite.gen_b2s_conv.axilite_b2s/RD.ar_channel_0/ar_cmd_fsm_0/m_axi_arready_2                        | design_ascon_i/ps7_0_axi_periph/s00_couplers/auto_pc/inst/gen_axilite.gen_b2s_conv.axilite_b2s/RD.ar_channel_0/ar_cmd_fsm_0/FSM_sequential_state_reg[1]_0 |                1 |              4 |         4.00 |
|  design_ascon_i/processing_system7_0/inst/FCLK_CLK0 | design_ascon_i/axi_gpio_ciphertext_2/U0/AXI_LITE_IPIF_I/I_SLAVE_ATTACHMENT/start2                                                                                  | design_ascon_i/axi_gpio_ciphertext_2/U0/AXI_LITE_IPIF_I/I_SLAVE_ATTACHMENT/I_DECODER/cs_ce_clr                                                            |                1 |              4 |         4.00 |
|  design_ascon_i/processing_system7_0/inst/FCLK_CLK0 |                                                                                                                                                                    | design_ascon_i/axi_gpio_nonce_3/U0/AXI_LITE_IPIF_I/I_SLAVE_ATTACHMENT/clear                                                                               |                1 |              4 |         4.00 |
|  design_ascon_i/processing_system7_0/inst/FCLK_CLK0 | design_ascon_i/axi_gpio_nonce_2/U0/AXI_LITE_IPIF_I/I_SLAVE_ATTACHMENT/start2                                                                                       | design_ascon_i/axi_gpio_nonce_2/U0/AXI_LITE_IPIF_I/I_SLAVE_ATTACHMENT/I_DECODER/cs_ce_clr                                                                 |                1 |              4 |         4.00 |
|  design_ascon_i/processing_system7_0/inst/FCLK_CLK0 |                                                                                                                                                                    | design_ascon_i/axi_gpio_key_2/U0/AXI_LITE_IPIF_I/I_SLAVE_ATTACHMENT/clear                                                                                 |                1 |              4 |         4.00 |
|  design_ascon_i/processing_system7_0/inst/FCLK_CLK0 | design_ascon_i/axi_gpio_plaintext_3/U0/AXI_LITE_IPIF_I/I_SLAVE_ATTACHMENT/start2                                                                                   | design_ascon_i/axi_gpio_plaintext_3/U0/AXI_LITE_IPIF_I/I_SLAVE_ATTACHMENT/I_DECODER/cs_ce_clr                                                             |                1 |              4 |         4.00 |
|  design_ascon_i/processing_system7_0/inst/FCLK_CLK0 | design_ascon_i/axi_gpio_ciphertext_2/U0/AXI_LITE_IPIF_I/I_SLAVE_ATTACHMENT/bus2ip_addr_i[8]_i_1_n_0                                                                | design_ascon_i/axi_gpio_ciphertext_2/U0/AXI_LITE_IPIF_I/I_SLAVE_ATTACHMENT/SR[0]                                                                          |                1 |              4 |         4.00 |
|  design_ascon_i/processing_system7_0/inst/FCLK_CLK0 |                                                                                                                                                                    | design_ascon_i/axi_gpio_key_3/U0/AXI_LITE_IPIF_I/I_SLAVE_ATTACHMENT/clear                                                                                 |                1 |              4 |         4.00 |
|  design_ascon_i/processing_system7_0/inst/FCLK_CLK0 | design_ascon_i/axi_gpio_plaintext_3/U0/AXI_LITE_IPIF_I/I_SLAVE_ATTACHMENT/bus2ip_addr_i[8]_i_1_n_0                                                                 | design_ascon_i/axi_gpio_plaintext_3/U0/AXI_LITE_IPIF_I/I_SLAVE_ATTACHMENT/SR[0]                                                                           |                1 |              4 |         4.00 |
|  design_ascon_i/processing_system7_0/inst/FCLK_CLK0 | design_ascon_i/axi_gpio_plaintext_0/U0/AXI_LITE_IPIF_I/I_SLAVE_ATTACHMENT/start2                                                                                   | design_ascon_i/axi_gpio_plaintext_0/U0/AXI_LITE_IPIF_I/I_SLAVE_ATTACHMENT/I_DECODER/cs_ce_clr                                                             |                1 |              4 |         4.00 |
|  design_ascon_i/processing_system7_0/inst/FCLK_CLK0 |                                                                                                                                                                    | design_ascon_i/axi_gpio_nonce_0/U0/AXI_LITE_IPIF_I/I_SLAVE_ATTACHMENT/clear                                                                               |                1 |              4 |         4.00 |
|  design_ascon_i/processing_system7_0/inst/FCLK_CLK0 | design_ascon_i/axi_gpio_nonce_0/U0/AXI_LITE_IPIF_I/I_SLAVE_ATTACHMENT/start2                                                                                       | design_ascon_i/axi_gpio_nonce_0/U0/AXI_LITE_IPIF_I/I_SLAVE_ATTACHMENT/I_DECODER/cs_ce_clr                                                                 |                1 |              4 |         4.00 |
|  design_ascon_i/processing_system7_0/inst/FCLK_CLK0 | design_ascon_i/axi_gpio_plaintext_0/U0/AXI_LITE_IPIF_I/I_SLAVE_ATTACHMENT/bus2ip_addr_i[8]_i_1_n_0                                                                 | design_ascon_i/axi_gpio_plaintext_0/U0/AXI_LITE_IPIF_I/I_SLAVE_ATTACHMENT/SR[0]                                                                           |                1 |              4 |         4.00 |
|  design_ascon_i/processing_system7_0/inst/FCLK_CLK0 | design_ascon_i/axi_gpio_ciphertext_0/U0/AXI_LITE_IPIF_I/I_SLAVE_ATTACHMENT/start2                                                                                  | design_ascon_i/axi_gpio_ciphertext_0/U0/AXI_LITE_IPIF_I/I_SLAVE_ATTACHMENT/I_DECODER/cs_ce_clr                                                            |                1 |              4 |         4.00 |
|  design_ascon_i/processing_system7_0/inst/FCLK_CLK0 |                                                                                                                                                                    | design_ascon_i/axi_gpio_plaintext_3/U0/AXI_LITE_IPIF_I/I_SLAVE_ATTACHMENT/clear                                                                           |                1 |              4 |         4.00 |
|  design_ascon_i/processing_system7_0/inst/FCLK_CLK0 | design_ascon_i/axi_gpio_nonce_0/U0/AXI_LITE_IPIF_I/I_SLAVE_ATTACHMENT/bus2ip_addr_i[8]_i_1_n_0                                                                     | design_ascon_i/axi_gpio_nonce_0/U0/AXI_LITE_IPIF_I/I_SLAVE_ATTACHMENT/SR[0]                                                                               |                1 |              4 |         4.00 |
|  design_ascon_i/processing_system7_0/inst/FCLK_CLK0 | design_ascon_i/axi_gpio_ciphertext_0/U0/AXI_LITE_IPIF_I/I_SLAVE_ATTACHMENT/bus2ip_addr_i[8]_i_1_n_0                                                                | design_ascon_i/axi_gpio_ciphertext_0/U0/AXI_LITE_IPIF_I/I_SLAVE_ATTACHMENT/SR[0]                                                                          |                2 |              4 |         2.00 |
|  design_ascon_i/processing_system7_0/inst/FCLK_CLK0 |                                                                                                                                                                    | design_ascon_i/axi_gpio_nonce_2/U0/AXI_LITE_IPIF_I/I_SLAVE_ATTACHMENT/clear                                                                               |                1 |              4 |         4.00 |
|  design_ascon_i/processing_system7_0/inst/FCLK_CLK0 | design_ascon_i/axi_gpio_key_3/U0/AXI_LITE_IPIF_I/I_SLAVE_ATTACHMENT/bus2ip_addr_i[8]_i_1_n_0                                                                       | design_ascon_i/axi_gpio_key_3/U0/AXI_LITE_IPIF_I/I_SLAVE_ATTACHMENT/SR[0]                                                                                 |                1 |              4 |         4.00 |
|  design_ascon_i/processing_system7_0/inst/FCLK_CLK0 |                                                                                                                                                                    | design_ascon_i/axi_gpio_nonce_1/U0/AXI_LITE_IPIF_I/I_SLAVE_ATTACHMENT/clear                                                                               |                1 |              4 |         4.00 |
|  design_ascon_i/processing_system7_0/inst/FCLK_CLK0 |                                                                                                                                                                    | design_ascon_i/rst_ps7_0_50M/U0/EXT_LPF/lpf_int                                                                                                           |                2 |              4 |         2.00 |
|  design_ascon_i/processing_system7_0/inst/FCLK_CLK0 |                                                                                                                                                                    | design_ascon_i/ps7_0_axi_periph/s00_couplers/auto_pc/inst/gen_axilite.gen_b2s_conv.axilite_b2s/SI_REG/ar.ar_pipe/aresetn_d_reg[1]_inv_0                   |                3 |              4 |         1.33 |
|  design_ascon_i/processing_system7_0/inst/FCLK_CLK0 |                                                                                                                                                                    | design_ascon_i/ps7_0_axi_periph/s00_couplers/auto_pc/inst/gen_axilite.gen_b2s_conv.axilite_b2s/SI_REG/aw.aw_pipe/aresetn_d_reg[0]_0                       |                3 |              4 |         1.33 |
|  design_ascon_i/processing_system7_0/inst/FCLK_CLK0 | design_ascon_i/axi_gpio_key_3/U0/AXI_LITE_IPIF_I/I_SLAVE_ATTACHMENT/start2                                                                                         | design_ascon_i/axi_gpio_key_3/U0/AXI_LITE_IPIF_I/I_SLAVE_ATTACHMENT/I_DECODER/cs_ce_clr                                                                   |                1 |              4 |         4.00 |
|  design_ascon_i/processing_system7_0/inst/FCLK_CLK0 | design_ascon_i/axi_gpio_key_2/U0/AXI_LITE_IPIF_I/I_SLAVE_ATTACHMENT/start2                                                                                         | design_ascon_i/axi_gpio_key_2/U0/AXI_LITE_IPIF_I/I_SLAVE_ATTACHMENT/I_DECODER/cs_ce_clr                                                                   |                1 |              4 |         4.00 |
|  design_ascon_i/processing_system7_0/inst/FCLK_CLK0 | design_ascon_i/axi_gpio_key_2/U0/AXI_LITE_IPIF_I/I_SLAVE_ATTACHMENT/bus2ip_addr_i[8]_i_1_n_0                                                                       | design_ascon_i/axi_gpio_key_2/U0/AXI_LITE_IPIF_I/I_SLAVE_ATTACHMENT/SR[0]                                                                                 |                1 |              4 |         4.00 |
|  design_ascon_i/processing_system7_0/inst/FCLK_CLK0 | design_ascon_i/axi_gpio_nonce_3/U0/AXI_LITE_IPIF_I/I_SLAVE_ATTACHMENT/bus2ip_addr_i[8]_i_1_n_0                                                                     | design_ascon_i/axi_gpio_nonce_3/U0/AXI_LITE_IPIF_I/I_SLAVE_ATTACHMENT/SR[0]                                                                               |                1 |              4 |         4.00 |
|  design_ascon_i/processing_system7_0/inst/FCLK_CLK0 | design_ascon_i/ps7_0_axi_periph/s00_couplers/auto_pc/inst/gen_axilite.gen_b2s_conv.axilite_b2s/RD.r_channel_0/rd_data_fifo_0/cnt_read[4]_i_1__0_n_0                | design_ascon_i/ps7_0_axi_periph/s00_couplers/auto_pc/inst/gen_axilite.gen_b2s_conv.axilite_b2s/areset_d1                                                  |                2 |              5 |         2.50 |
|  design_ascon_i/processing_system7_0/inst/FCLK_CLK0 | design_ascon_i/ps7_0_axi_periph/s00_couplers/auto_pc/inst/gen_axilite.gen_b2s_conv.axilite_b2s/RD.r_channel_0/transaction_fifo_0/cnt_read[4]_i_1_n_0               | design_ascon_i/ps7_0_axi_periph/s00_couplers/auto_pc/inst/gen_axilite.gen_b2s_conv.axilite_b2s/areset_d1                                                  |                2 |              5 |         2.50 |
|  design_ascon_i/processing_system7_0/inst/FCLK_CLK0 | design_ascon_i/rst_ps7_0_50M/U0/SEQ/seq_cnt_en                                                                                                                     | design_ascon_i/rst_ps7_0_50M/U0/SEQ/SEQ_COUNTER/clear                                                                                                     |                1 |              6 |         6.00 |
|  design_ascon_i/processing_system7_0/inst/FCLK_CLK0 | design_ascon_i/axi_gpio_enable/U0/gpio_core_1/gpio_io_o[0]_repN_7                                                                                                  | design_ascon_i/rst_ps7_0_50M/U0/peripheral_aresetn[0]_repN_10                                                                                             |                2 |              7 |         3.50 |
|  design_ascon_i/processing_system7_0/inst/FCLK_CLK0 | design_ascon_i/ps7_0_axi_periph/s00_couplers/auto_pc/inst/gen_axilite.gen_b2s_conv.axilite_b2s/WR.b_channel_0/mhandshake_r                                         | design_ascon_i/ps7_0_axi_periph/s00_couplers/auto_pc/inst/gen_axilite.gen_b2s_conv.axilite_b2s/WR.b_channel_0/bid_fifo_0/SR[0]                            |                3 |              8 |         2.67 |
|  design_ascon_i/processing_system7_0/inst/FCLK_CLK0 | design_ascon_i/axi_gpio_enable/U0/gpio_core_1/gpio_io_o[0]_repN_8                                                                                                  | design_ascon_i/rst_ps7_0_50M/U0/peripheral_aresetn[0]_repN_1                                                                                              |                2 |              8 |         4.00 |
|  design_ascon_i/processing_system7_0/inst/FCLK_CLK0 | design_ascon_i/axi_gpio_enable/U0/gpio_core_1/gpio_io_o[0]_repN_1                                                                                                  | design_ascon_i/rst_ps7_0_50M/U0/peripheral_aresetn[0]_repN_3                                                                                              |                3 |              8 |         2.67 |
|  design_ascon_i/processing_system7_0/inst/FCLK_CLK0 | design_ascon_i/axi_gpio_enable/U0/gpio_core_1/gpio_io_o[0]_repN_1                                                                                                  | design_ascon_i/rst_ps7_0_50M/U0/peripheral_aresetn[0]_repN_7                                                                                              |                1 |              8 |         8.00 |
|  design_ascon_i/processing_system7_0/inst/FCLK_CLK0 |                                                                                                                                                                    | design_ascon_i/ps7_0_axi_periph/s00_couplers/auto_pc/inst/gen_axilite.gen_b2s_conv.axilite_b2s/areset_d1                                                  |                5 |             10 |         2.00 |
|  design_ascon_i/processing_system7_0/inst/FCLK_CLK0 | design_ascon_i/axi_gpio_enable/U0/gpio_core_1/gpio_io_o[0]_repN_6                                                                                                  | design_ascon_i/rst_ps7_0_50M/U0/peripheral_aresetn[0]_repN_2                                                                                              |                3 |             10 |         3.33 |
|  design_ascon_i/processing_system7_0/inst/FCLK_CLK0 |                                                                                                                                                                    | design_ascon_i/ps7_0_axi_periph/tier2_xbar_2/inst/gen_sasd.crossbar_sasd_0/addr_arbiter_inst/SR[0]                                                        |                5 |             11 |         2.20 |
|  design_ascon_i/processing_system7_0/inst/FCLK_CLK0 | design_ascon_i/axi_gpio_enable/U0/gpio_core_1/gpio_io_o[0]_repN_5                                                                                                  | design_ascon_i/rst_ps7_0_50M/U0/peripheral_aresetn[0]_repN_4                                                                                              |                4 |             12 |         3.00 |
|  design_ascon_i/processing_system7_0/inst/FCLK_CLK0 | design_ascon_i/ps7_0_axi_periph/s00_couplers/auto_pc/inst/gen_axilite.gen_b2s_conv.axilite_b2s/WR.aw_channel_0/aw_cmd_fsm_0/m_valid_i_reg[0]                       |                                                                                                                                                           |                5 |             12 |         2.40 |
|  design_ascon_i/processing_system7_0/inst/FCLK_CLK0 | design_ascon_i/ps7_0_axi_periph/s00_couplers/auto_pc/inst/gen_axilite.gen_b2s_conv.axilite_b2s/RD.ar_channel_0/ar_cmd_fsm_0/sel_first_reg[0]                       |                                                                                                                                                           |                4 |             12 |         3.00 |
|  design_ascon_i/processing_system7_0/inst/FCLK_CLK0 | design_ascon_i/ps7_0_axi_periph/s00_couplers/auto_pc/inst/gen_axilite.gen_b2s_conv.axilite_b2s/RD.ar_channel_0/ar_cmd_fsm_0/E[0]                                   |                                                                                                                                                           |                7 |             12 |         1.71 |
|  design_ascon_i/processing_system7_0/inst/FCLK_CLK0 | design_ascon_i/ps7_0_axi_periph/s00_couplers/auto_pc/inst/gen_axilite.gen_b2s_conv.axilite_b2s/WR.aw_channel_0/cmd_translator_0/incr_cmd_0/axaddr_incr[11]_i_1_n_0 |                                                                                                                                                           |                4 |             12 |         3.00 |
|  design_ascon_i/processing_system7_0/inst/FCLK_CLK0 | design_ascon_i/ps7_0_axi_periph/s00_couplers/auto_pc/inst/gen_axilite.gen_b2s_conv.axilite_b2s/RD.r_channel_0/r_push_r                                             |                                                                                                                                                           |                4 |             13 |         3.25 |
|  design_ascon_i/processing_system7_0/inst/FCLK_CLK0 |                                                                                                                                                                    | design_ascon_i/ps7_0_axi_periph/xbar/inst/gen_sasd.crossbar_sasd_0/addr_arbiter_inst/SR[0]                                                                |                6 |             13 |         2.17 |
|  design_ascon_i/processing_system7_0/inst/FCLK_CLK0 | design_ascon_i/ps7_0_axi_periph/s00_couplers/auto_pc/inst/gen_axilite.gen_b2s_conv.axilite_b2s/SI_REG/b.b_pipe/s_ready_i_reg_0                                     |                                                                                                                                                           |                3 |             14 |         4.67 |
|  design_ascon_i/processing_system7_0/inst/FCLK_CLK0 | design_ascon_i/ps7_0_axi_periph/s00_couplers/auto_pc/inst/gen_axilite.gen_b2s_conv.axilite_b2s/SI_REG/b.b_pipe/p_1_in                                              |                                                                                                                                                           |                2 |             14 |         7.00 |
|  design_ascon_i/processing_system7_0/inst/FCLK_CLK0 | design_ascon_i/ps7_0_axi_periph/tier2_xbar_0/inst/gen_sasd.crossbar_sasd_0/reg_slice_r/aa_rready                                                                   |                                                                                                                                                           |                5 |             15 |         3.00 |
|  design_ascon_i/processing_system7_0/inst/FCLK_CLK0 | design_ascon_i/ps7_0_axi_periph/tier2_xbar_2/inst/gen_sasd.crossbar_sasd_0/reg_slice_r/aa_rready                                                                   |                                                                                                                                                           |                5 |             15 |         3.00 |
|  design_ascon_i/processing_system7_0/inst/FCLK_CLK0 | design_ascon_i/axi_gpio_enable/U0/gpio_core_1/gpio_io_o[0]_repN_7                                                                                                  | design_ascon_i/rst_ps7_0_50M/U0/peripheral_aresetn[0]                                                                                                     |                6 |             15 |         2.50 |
|  design_ascon_i/processing_system7_0/inst/FCLK_CLK0 | design_ascon_i/ps7_0_axi_periph/xbar/inst/gen_sasd.crossbar_sasd_0/reg_slice_r/aa_rready                                                                           |                                                                                                                                                           |                4 |             15 |         3.75 |
|  design_ascon_i/processing_system7_0/inst/FCLK_CLK0 | design_ascon_i/ps7_0_axi_periph/s00_couplers/auto_pc/inst/gen_axilite.gen_b2s_conv.axilite_b2s/WR.aw_channel_0/aw_cmd_fsm_0/m_axi_awready_0                        |                                                                                                                                                           |                3 |             16 |         5.33 |
|  design_ascon_i/processing_system7_0/inst/FCLK_CLK0 |                                                                                                                                                                    | design_ascon_i/ps7_0_axi_periph/tier2_xbar_0/inst/gen_sasd.crossbar_sasd_0/addr_arbiter_inst/SR[0]                                                        |                9 |             17 |         1.89 |
|  design_ascon_i/processing_system7_0/inst/FCLK_CLK0 | design_ascon_i/axi_gpio_enable/U0/gpio_core_1/gpio_io_o[0]_repN_5                                                                                                  | design_ascon_i/rst_ps7_0_50M/U0/peripheral_aresetn[0]_repN_8                                                                                              |                5 |             18 |         3.60 |
|  design_ascon_i/processing_system7_0/inst/FCLK_CLK0 |                                                                                                                                                                    | design_ascon_i/ps7_0_axi_periph/tier2_xbar_1/inst/gen_sasd.crossbar_sasd_0/addr_arbiter_inst/SR[0]                                                        |                7 |             18 |         2.57 |
|  design_ascon_i/processing_system7_0/inst/FCLK_CLK0 | design_ascon_i/axi_gpio_enable/U0/gpio_core_1/gpio_io_o[0]_repN_8                                                                                                  | design_ascon_i/rst_ps7_0_50M/U0/peripheral_aresetn[0]_repN                                                                                                |                5 |             18 |         3.60 |
|  design_ascon_i/processing_system7_0/inst/FCLK_CLK0 | design_ascon_i/ps7_0_axi_periph/tier2_xbar_0/inst/gen_sasd.crossbar_sasd_0/addr_arbiter_inst/p_0_in1_in                                                            | design_ascon_i/ps7_0_axi_periph/tier2_xbar_0/inst/gen_sasd.crossbar_sasd_0/addr_arbiter_inst/SR[0]                                                        |                4 |             19 |         4.75 |
|  design_ascon_i/processing_system7_0/inst/FCLK_CLK0 | design_ascon_i/ps7_0_axi_periph/tier2_xbar_1/inst/gen_sasd.crossbar_sasd_0/addr_arbiter_inst/p_0_in1_in                                                            | design_ascon_i/ps7_0_axi_periph/tier2_xbar_1/inst/gen_sasd.crossbar_sasd_0/addr_arbiter_inst/SR[0]                                                        |                5 |             19 |         3.80 |
|  design_ascon_i/processing_system7_0/inst/FCLK_CLK0 | design_ascon_i/ps7_0_axi_periph/tier2_xbar_2/inst/gen_sasd.crossbar_sasd_0/addr_arbiter_inst/p_0_in1_in                                                            | design_ascon_i/ps7_0_axi_periph/tier2_xbar_2/inst/gen_sasd.crossbar_sasd_0/addr_arbiter_inst/SR[0]                                                        |                6 |             19 |         3.17 |
|  design_ascon_i/processing_system7_0/inst/FCLK_CLK0 | design_ascon_i/ps7_0_axi_periph/xbar/inst/gen_sasd.crossbar_sasd_0/addr_arbiter_inst/p_0_in1_in                                                                    | design_ascon_i/ps7_0_axi_periph/xbar/inst/gen_sasd.crossbar_sasd_0/addr_arbiter_inst/SR[0]                                                                |                7 |             19 |         2.71 |
|  design_ascon_i/processing_system7_0/inst/FCLK_CLK0 | design_ascon_i/axi_gpio_enable/U0/gpio_core_1/gpio_io_o[0]_repN_4                                                                                                  | design_ascon_i/rst_ps7_0_50M/U0/peripheral_aresetn[0]_repN_4                                                                                              |                6 |             20 |         3.33 |
|  design_ascon_i/processing_system7_0/inst/FCLK_CLK0 | design_ascon_i/axi_gpio_enable/U0/gpio_core_1/gpio_io_o[0]_repN_6                                                                                                  | design_ascon_i/rst_ps7_0_50M/U0/peripheral_aresetn[0]_repN_4                                                                                              |                6 |             21 |         3.50 |
|  design_ascon_i/processing_system7_0/inst/FCLK_CLK0 | design_ascon_i/ps7_0_axi_periph/s00_couplers/auto_pc/inst/gen_axilite.gen_b2s_conv.axilite_b2s/RD.ar_channel_0/ar_cmd_fsm_0/m_axi_arready_2                        |                                                                                                                                                           |                8 |             21 |         2.62 |
|  design_ascon_i/processing_system7_0/inst/FCLK_CLK0 | design_ascon_i/ps7_0_axi_periph/s00_couplers/auto_pc/inst/gen_axilite.gen_b2s_conv.axilite_b2s/WR.aw_channel_0/aw_cmd_fsm_0/FSM_sequential_state_reg[0]_1          |                                                                                                                                                           |                9 |             24 |         2.67 |
|  design_ascon_i/processing_system7_0/inst/FCLK_CLK0 | design_ascon_i/axi_gpio_enable/U0/gpio_core_1/gpio_io_o[0]_repN                                                                                                    | design_ascon_i/rst_ps7_0_50M/U0/peripheral_aresetn[0]_repN_4                                                                                              |                9 |             24 |         2.67 |
|  design_ascon_i/processing_system7_0/inst/FCLK_CLK0 | design_ascon_i/axi_gpio_enable/U0/gpio_core_1/gpio_io_o[0]_repN_7                                                                                                  |                                                                                                                                                           |                4 |             26 |         6.50 |
|  design_ascon_i/processing_system7_0/inst/FCLK_CLK0 | design_ascon_i/axi_gpio_enable/U0/gpio_core_1/gpio_io_o[0]_repN_11                                                                                                 | design_ascon_i/rst_ps7_0_50M/U0/peripheral_aresetn[0]_repN_5                                                                                              |                7 |             30 |         4.29 |
|  design_ascon_i/processing_system7_0/inst/FCLK_CLK0 | design_ascon_i/axi_gpio_enable/U0/gpio_core_1/gpio_io_o[0]_repN_9                                                                                                  | design_ascon_i/rst_ps7_0_50M/U0/peripheral_aresetn[0]_repN_10                                                                                             |               10 |             30 |         3.00 |
|  design_ascon_i/processing_system7_0/inst/FCLK_CLK0 | design_ascon_i/axi_gpio_enable/U0/gpio_core_1/gpio_io_o[0]_repN_7                                                                                                  | design_ascon_i/rst_ps7_0_50M/U0/peripheral_aresetn[0]_repN_8                                                                                              |                9 |             31 |         3.44 |
|  design_ascon_i/processing_system7_0/inst/FCLK_CLK0 |                                                                                                                                                                    | design_ascon_i/axi_gpio_nonce_1/U0/gpio_core_1/Read_Reg_Rst__0                                                                                            |                7 |             32 |         4.57 |
|  design_ascon_i/processing_system7_0/inst/FCLK_CLK0 |                                                                                                                                                                    | design_ascon_i/axi_gpio_plaintext_0/U0/gpio_core_1/Read_Reg_Rst__0                                                                                        |                6 |             32 |         5.33 |
|  design_ascon_i/processing_system7_0/inst/FCLK_CLK0 | design_ascon_i/axi_gpio_key_3/U0/AXI_LITE_IPIF_I/I_SLAVE_ATTACHMENT/s_axi_rresp_i                                                                                  | design_ascon_i/axi_gpio_key_3/U0/AXI_LITE_IPIF_I/I_SLAVE_ATTACHMENT/SR[0]                                                                                 |               14 |             32 |         2.29 |
|  design_ascon_i/processing_system7_0/inst/FCLK_CLK0 | design_ascon_i/axi_gpio_ciphertext_0/U0/AXI_LITE_IPIF_I/I_SLAVE_ATTACHMENT/I_DECODER/E[0]                                                                          | design_ascon_i/axi_gpio_ciphertext_0/U0/AXI_LITE_IPIF_I/I_SLAVE_ATTACHMENT/SR[0]                                                                          |                8 |             32 |         4.00 |
|  design_ascon_i/processing_system7_0/inst/FCLK_CLK0 | design_ascon_i/axi_gpio_ciphertext_0/U0/AXI_LITE_IPIF_I/I_SLAVE_ATTACHMENT/s_axi_rresp_i                                                                           | design_ascon_i/axi_gpio_ciphertext_0/U0/AXI_LITE_IPIF_I/I_SLAVE_ATTACHMENT/SR[0]                                                                          |                8 |             32 |         4.00 |
|  design_ascon_i/processing_system7_0/inst/FCLK_CLK0 | design_ascon_i/axi_gpio_plaintext_0/U0/AXI_LITE_IPIF_I/I_SLAVE_ATTACHMENT/I_DECODER/E[0]                                                                           | design_ascon_i/axi_gpio_plaintext_0/U0/AXI_LITE_IPIF_I/I_SLAVE_ATTACHMENT/SR[0]                                                                           |               11 |             32 |         2.91 |
|  design_ascon_i/processing_system7_0/inst/FCLK_CLK0 | design_ascon_i/axi_gpio_plaintext_0/U0/AXI_LITE_IPIF_I/I_SLAVE_ATTACHMENT/s_axi_rresp_i                                                                            | design_ascon_i/axi_gpio_plaintext_0/U0/AXI_LITE_IPIF_I/I_SLAVE_ATTACHMENT/SR[0]                                                                           |                6 |             32 |         5.33 |
|  design_ascon_i/processing_system7_0/inst/FCLK_CLK0 | design_ascon_i/axi_gpio_ciphertext_2/U0/AXI_LITE_IPIF_I/I_SLAVE_ATTACHMENT/I_DECODER/E[0]                                                                          | design_ascon_i/axi_gpio_ciphertext_2/U0/AXI_LITE_IPIF_I/I_SLAVE_ATTACHMENT/SR[0]                                                                          |                6 |             32 |         5.33 |
|  design_ascon_i/processing_system7_0/inst/FCLK_CLK0 | design_ascon_i/axi_gpio_ciphertext_2/U0/AXI_LITE_IPIF_I/I_SLAVE_ATTACHMENT/s_axi_rresp_i                                                                           | design_ascon_i/axi_gpio_ciphertext_2/U0/AXI_LITE_IPIF_I/I_SLAVE_ATTACHMENT/SR[0]                                                                          |                6 |             32 |         5.33 |
|  design_ascon_i/processing_system7_0/inst/FCLK_CLK0 | design_ascon_i/axi_gpio_ciphertext_1/U0/AXI_LITE_IPIF_I/I_SLAVE_ATTACHMENT/I_DECODER/E[0]                                                                          | design_ascon_i/axi_gpio_ciphertext_1/U0/AXI_LITE_IPIF_I/I_SLAVE_ATTACHMENT/SR[0]                                                                          |                5 |             32 |         6.40 |
|  design_ascon_i/processing_system7_0/inst/FCLK_CLK0 | design_ascon_i/axi_gpio_ciphertext_1/U0/AXI_LITE_IPIF_I/I_SLAVE_ATTACHMENT/s_axi_rresp_i                                                                           | design_ascon_i/axi_gpio_ciphertext_1/U0/AXI_LITE_IPIF_I/I_SLAVE_ATTACHMENT/SR[0]                                                                          |                8 |             32 |         4.00 |
|  design_ascon_i/processing_system7_0/inst/FCLK_CLK0 | design_ascon_i/axi_gpio_ciphertext_3/U0/AXI_LITE_IPIF_I/I_SLAVE_ATTACHMENT/I_DECODER/E[0]                                                                          | design_ascon_i/axi_gpio_ciphertext_3/U0/AXI_LITE_IPIF_I/I_SLAVE_ATTACHMENT/SR[0]                                                                          |                6 |             32 |         5.33 |
|  design_ascon_i/processing_system7_0/inst/FCLK_CLK0 | design_ascon_i/axi_gpio_ciphertext_3/U0/AXI_LITE_IPIF_I/I_SLAVE_ATTACHMENT/s_axi_rresp_i                                                                           | design_ascon_i/axi_gpio_ciphertext_3/U0/AXI_LITE_IPIF_I/I_SLAVE_ATTACHMENT/SR[0]                                                                          |                7 |             32 |         4.57 |
|  design_ascon_i/processing_system7_0/inst/FCLK_CLK0 | design_ascon_i/axi_gpio_plaintext_1/U0/AXI_LITE_IPIF_I/I_SLAVE_ATTACHMENT/I_DECODER/E[0]                                                                           | design_ascon_i/axi_gpio_plaintext_1/U0/AXI_LITE_IPIF_I/I_SLAVE_ATTACHMENT/SR[0]                                                                           |                9 |             32 |         3.56 |
|  design_ascon_i/processing_system7_0/inst/FCLK_CLK0 | design_ascon_i/axi_gpio_plaintext_1/U0/AXI_LITE_IPIF_I/I_SLAVE_ATTACHMENT/s_axi_rresp_i                                                                            | design_ascon_i/axi_gpio_plaintext_1/U0/AXI_LITE_IPIF_I/I_SLAVE_ATTACHMENT/SR[0]                                                                           |               10 |             32 |         3.20 |
|  design_ascon_i/processing_system7_0/inst/FCLK_CLK0 | design_ascon_i/axi_gpio_key_0/U0/AXI_LITE_IPIF_I/I_SLAVE_ATTACHMENT/I_DECODER/E[0]                                                                                 | design_ascon_i/axi_gpio_key_0/U0/AXI_LITE_IPIF_I/I_SLAVE_ATTACHMENT/SR[0]                                                                                 |                9 |             32 |         3.56 |
|  design_ascon_i/processing_system7_0/inst/FCLK_CLK0 | design_ascon_i/axi_gpio_key_0/U0/AXI_LITE_IPIF_I/I_SLAVE_ATTACHMENT/s_axi_rresp_i                                                                                  | design_ascon_i/axi_gpio_key_0/U0/AXI_LITE_IPIF_I/I_SLAVE_ATTACHMENT/SR[0]                                                                                 |                9 |             32 |         3.56 |
|  design_ascon_i/processing_system7_0/inst/FCLK_CLK0 | design_ascon_i/axi_gpio_plaintext_2/U0/AXI_LITE_IPIF_I/I_SLAVE_ATTACHMENT/I_DECODER/E[0]                                                                           | design_ascon_i/axi_gpio_plaintext_2/U0/AXI_LITE_IPIF_I/I_SLAVE_ATTACHMENT/SR[0]                                                                           |               10 |             32 |         3.20 |
|  design_ascon_i/processing_system7_0/inst/FCLK_CLK0 | design_ascon_i/axi_gpio_key_1/U0/AXI_LITE_IPIF_I/I_SLAVE_ATTACHMENT/I_DECODER/E[0]                                                                                 | design_ascon_i/axi_gpio_key_1/U0/AXI_LITE_IPIF_I/I_SLAVE_ATTACHMENT/SR[0]                                                                                 |                6 |             32 |         5.33 |
|  design_ascon_i/processing_system7_0/inst/FCLK_CLK0 | design_ascon_i/axi_gpio_key_1/U0/AXI_LITE_IPIF_I/I_SLAVE_ATTACHMENT/s_axi_rresp_i                                                                                  | design_ascon_i/axi_gpio_key_1/U0/AXI_LITE_IPIF_I/I_SLAVE_ATTACHMENT/SR[0]                                                                                 |               11 |             32 |         2.91 |
|  design_ascon_i/processing_system7_0/inst/FCLK_CLK0 | design_ascon_i/axi_gpio_plaintext_2/U0/AXI_LITE_IPIF_I/I_SLAVE_ATTACHMENT/s_axi_rresp_i                                                                            | design_ascon_i/axi_gpio_plaintext_2/U0/AXI_LITE_IPIF_I/I_SLAVE_ATTACHMENT/SR[0]                                                                           |               10 |             32 |         3.20 |
|  design_ascon_i/processing_system7_0/inst/FCLK_CLK0 | design_ascon_i/axi_gpio_nonce_3/U0/AXI_LITE_IPIF_I/I_SLAVE_ATTACHMENT/I_DECODER/E[0]                                                                               | design_ascon_i/axi_gpio_nonce_3/U0/AXI_LITE_IPIF_I/I_SLAVE_ATTACHMENT/SR[0]                                                                               |                5 |             32 |         6.40 |
|  design_ascon_i/processing_system7_0/inst/FCLK_CLK0 | design_ascon_i/axi_gpio_nonce_3/U0/AXI_LITE_IPIF_I/I_SLAVE_ATTACHMENT/s_axi_rresp_i                                                                                | design_ascon_i/axi_gpio_nonce_3/U0/AXI_LITE_IPIF_I/I_SLAVE_ATTACHMENT/SR[0]                                                                               |                7 |             32 |         4.57 |
|  design_ascon_i/processing_system7_0/inst/FCLK_CLK0 | design_ascon_i/axi_gpio_key_2/U0/AXI_LITE_IPIF_I/I_SLAVE_ATTACHMENT/I_DECODER/E[0]                                                                                 | design_ascon_i/axi_gpio_key_2/U0/AXI_LITE_IPIF_I/I_SLAVE_ATTACHMENT/SR[0]                                                                                 |               10 |             32 |         3.20 |
|  design_ascon_i/processing_system7_0/inst/FCLK_CLK0 | design_ascon_i/axi_gpio_key_2/U0/AXI_LITE_IPIF_I/I_SLAVE_ATTACHMENT/s_axi_rresp_i                                                                                  | design_ascon_i/axi_gpio_key_2/U0/AXI_LITE_IPIF_I/I_SLAVE_ATTACHMENT/SR[0]                                                                                 |                9 |             32 |         3.56 |
|  design_ascon_i/processing_system7_0/inst/FCLK_CLK0 | design_ascon_i/axi_gpio_key_3/U0/AXI_LITE_IPIF_I/I_SLAVE_ATTACHMENT/I_DECODER/E[0]                                                                                 | design_ascon_i/axi_gpio_key_3/U0/AXI_LITE_IPIF_I/I_SLAVE_ATTACHMENT/SR[0]                                                                                 |                7 |             32 |         4.57 |
|  design_ascon_i/processing_system7_0/inst/FCLK_CLK0 | design_ascon_i/axi_gpio_nonce_0/U0/AXI_LITE_IPIF_I/I_SLAVE_ATTACHMENT/s_axi_rresp_i                                                                                | design_ascon_i/axi_gpio_nonce_0/U0/AXI_LITE_IPIF_I/I_SLAVE_ATTACHMENT/SR[0]                                                                               |                8 |             32 |         4.00 |
|  design_ascon_i/processing_system7_0/inst/FCLK_CLK0 | design_ascon_i/axi_gpio_plaintext_3/U0/AXI_LITE_IPIF_I/I_SLAVE_ATTACHMENT/I_DECODER/E[0]                                                                           | design_ascon_i/axi_gpio_plaintext_3/U0/AXI_LITE_IPIF_I/I_SLAVE_ATTACHMENT/SR[0]                                                                           |                8 |             32 |         4.00 |
|  design_ascon_i/processing_system7_0/inst/FCLK_CLK0 | design_ascon_i/axi_gpio_plaintext_3/U0/AXI_LITE_IPIF_I/I_SLAVE_ATTACHMENT/s_axi_rresp_i                                                                            | design_ascon_i/axi_gpio_plaintext_3/U0/AXI_LITE_IPIF_I/I_SLAVE_ATTACHMENT/SR[0]                                                                           |                5 |             32 |         6.40 |
|  design_ascon_i/processing_system7_0/inst/FCLK_CLK0 | design_ascon_i/axi_gpio_nonce_0/U0/AXI_LITE_IPIF_I/I_SLAVE_ATTACHMENT/I_DECODER/E[0]                                                                               | design_ascon_i/axi_gpio_nonce_0/U0/AXI_LITE_IPIF_I/I_SLAVE_ATTACHMENT/SR[0]                                                                               |                7 |             32 |         4.57 |
|  design_ascon_i/processing_system7_0/inst/FCLK_CLK0 | design_ascon_i/axi_gpio_nonce_2/U0/AXI_LITE_IPIF_I/I_SLAVE_ATTACHMENT/I_DECODER/E[0]                                                                               | design_ascon_i/axi_gpio_nonce_2/U0/AXI_LITE_IPIF_I/I_SLAVE_ATTACHMENT/SR[0]                                                                               |                8 |             32 |         4.00 |
|  design_ascon_i/processing_system7_0/inst/FCLK_CLK0 | design_ascon_i/axi_gpio_nonce_2/U0/AXI_LITE_IPIF_I/I_SLAVE_ATTACHMENT/s_axi_rresp_i                                                                                | design_ascon_i/axi_gpio_nonce_2/U0/AXI_LITE_IPIF_I/I_SLAVE_ATTACHMENT/SR[0]                                                                               |                6 |             32 |         5.33 |
|  design_ascon_i/processing_system7_0/inst/FCLK_CLK0 | design_ascon_i/axi_gpio_nonce_1/U0/AXI_LITE_IPIF_I/I_SLAVE_ATTACHMENT/I_DECODER/E[0]                                                                               | design_ascon_i/axi_gpio_nonce_1/U0/AXI_LITE_IPIF_I/I_SLAVE_ATTACHMENT/SR[0]                                                                               |                9 |             32 |         3.56 |
|  design_ascon_i/processing_system7_0/inst/FCLK_CLK0 | design_ascon_i/axi_gpio_nonce_1/U0/AXI_LITE_IPIF_I/I_SLAVE_ATTACHMENT/s_axi_rresp_i                                                                                | design_ascon_i/axi_gpio_nonce_1/U0/AXI_LITE_IPIF_I/I_SLAVE_ATTACHMENT/SR[0]                                                                               |                9 |             32 |         3.56 |
|  design_ascon_i/processing_system7_0/inst/FCLK_CLK0 |                                                                                                                                                                    | design_ascon_i/axi_gpio_ciphertext_0/U0/AXI_LITE_IPIF_I/I_SLAVE_ATTACHMENT/I_DECODER/bus2ip_rnw_i_reg                                                     |               10 |             32 |         3.20 |
|  design_ascon_i/processing_system7_0/inst/FCLK_CLK0 |                                                                                                                                                                    | design_ascon_i/axi_gpio_ciphertext_2/U0/AXI_LITE_IPIF_I/I_SLAVE_ATTACHMENT/I_DECODER/bus2ip_rnw_i_reg                                                     |                9 |             32 |         3.56 |
|  design_ascon_i/processing_system7_0/inst/FCLK_CLK0 |                                                                                                                                                                    | design_ascon_i/axi_gpio_ciphertext_1/U0/AXI_LITE_IPIF_I/I_SLAVE_ATTACHMENT/I_DECODER/bus2ip_rnw_i_reg                                                     |                9 |             32 |         3.56 |
|  design_ascon_i/processing_system7_0/inst/FCLK_CLK0 |                                                                                                                                                                    | design_ascon_i/axi_gpio_ciphertext_3/U0/AXI_LITE_IPIF_I/I_SLAVE_ATTACHMENT/I_DECODER/bus2ip_rnw_i_reg                                                     |               11 |             32 |         2.91 |
|  design_ascon_i/processing_system7_0/inst/FCLK_CLK0 |                                                                                                                                                                    | design_ascon_i/axi_gpio_plaintext_1/U0/gpio_core_1/Read_Reg_Rst__0                                                                                        |                9 |             32 |         3.56 |
|  design_ascon_i/processing_system7_0/inst/FCLK_CLK0 |                                                                                                                                                                    | design_ascon_i/axi_gpio_key_0/U0/gpio_core_1/Read_Reg_Rst__0                                                                                              |                7 |             32 |         4.57 |
|  design_ascon_i/processing_system7_0/inst/FCLK_CLK0 |                                                                                                                                                                    | design_ascon_i/axi_gpio_plaintext_2/U0/gpio_core_1/Read_Reg_Rst__0                                                                                        |               12 |             32 |         2.67 |
|  design_ascon_i/processing_system7_0/inst/FCLK_CLK0 |                                                                                                                                                                    | design_ascon_i/axi_gpio_key_1/U0/gpio_core_1/Read_Reg_Rst__0                                                                                              |                7 |             32 |         4.57 |
|  design_ascon_i/processing_system7_0/inst/FCLK_CLK0 |                                                                                                                                                                    | design_ascon_i/axi_gpio_key_2/U0/gpio_core_1/Read_Reg_Rst__0                                                                                              |                8 |             32 |         4.00 |
|  design_ascon_i/processing_system7_0/inst/FCLK_CLK0 |                                                                                                                                                                    | design_ascon_i/axi_gpio_nonce_3/U0/gpio_core_1/Read_Reg_Rst__0                                                                                            |                4 |             32 |         8.00 |
|  design_ascon_i/processing_system7_0/inst/FCLK_CLK0 |                                                                                                                                                                    | design_ascon_i/axi_gpio_nonce_2/U0/gpio_core_1/Read_Reg_Rst__0                                                                                            |                5 |             32 |         6.40 |
|  design_ascon_i/processing_system7_0/inst/FCLK_CLK0 |                                                                                                                                                                    | design_ascon_i/axi_gpio_key_3/U0/gpio_core_1/Read_Reg_Rst__0                                                                                              |                8 |             32 |         4.00 |
|  design_ascon_i/processing_system7_0/inst/FCLK_CLK0 |                                                                                                                                                                    | design_ascon_i/axi_gpio_plaintext_3/U0/gpio_core_1/Read_Reg_Rst__0                                                                                        |                6 |             32 |         5.33 |
|  design_ascon_i/processing_system7_0/inst/FCLK_CLK0 |                                                                                                                                                                    | design_ascon_i/axi_gpio_nonce_0/U0/gpio_core_1/Read_Reg_Rst__0                                                                                            |                6 |             32 |         5.33 |
|  design_ascon_i/processing_system7_0/inst/FCLK_CLK0 |                                                                                                                                                                    | design_ascon_i/axi_gpio_enable/U0/AXI_LITE_IPIF_I/I_SLAVE_ATTACHMENT/SS[0]                                                                                |               16 |             33 |         2.06 |
|  design_ascon_i/processing_system7_0/inst/FCLK_CLK0 | design_ascon_i/axi_gpio_enable/U0/gpio_core_1/gpio_io_o[0]_repN_12                                                                                                 | design_ascon_i/rst_ps7_0_50M/U0/peripheral_aresetn[0]_repN_10                                                                                             |               11 |             33 |         3.00 |
|  design_ascon_i/processing_system7_0/inst/FCLK_CLK0 | design_ascon_i/axi_gpio_enable/U0/gpio_core_1/gpio_io_o[0]_repN_4                                                                                                  | design_ascon_i/rst_ps7_0_50M/U0/peripheral_aresetn[0]_repN_7                                                                                              |               10 |             34 |         3.40 |
|  design_ascon_i/processing_system7_0/inst/FCLK_CLK0 | design_ascon_i/ps7_0_axi_periph/tier2_xbar_1/inst/gen_sasd.crossbar_sasd_0/reg_slice_r/aa_rready                                                                   |                                                                                                                                                           |                9 |             34 |         3.78 |
|  design_ascon_i/processing_system7_0/inst/FCLK_CLK0 | design_ascon_i/ps7_0_axi_periph/s00_couplers/auto_pc/inst/gen_axilite.gen_b2s_conv.axilite_b2s/RD.r_channel_0/rd_data_fifo_0/wr_en0                                |                                                                                                                                                           |                9 |             34 |         3.78 |
|  design_ascon_i/processing_system7_0/inst/FCLK_CLK0 | design_ascon_i/ps7_0_axi_periph/tier2_xbar_1/inst/gen_sasd.crossbar_sasd_0/addr_arbiter_inst/E[0]                                                                  |                                                                                                                                                           |               10 |             35 |         3.50 |
|  design_ascon_i/processing_system7_0/inst/FCLK_CLK0 | design_ascon_i/ps7_0_axi_periph/tier2_xbar_0/inst/gen_sasd.crossbar_sasd_0/addr_arbiter_inst/E[0]                                                                  |                                                                                                                                                           |               11 |             35 |         3.18 |
|  design_ascon_i/processing_system7_0/inst/FCLK_CLK0 | design_ascon_i/ps7_0_axi_periph/tier2_xbar_2/inst/gen_sasd.crossbar_sasd_0/addr_arbiter_inst/E[0]                                                                  |                                                                                                                                                           |                9 |             35 |         3.89 |
|  design_ascon_i/processing_system7_0/inst/FCLK_CLK0 | design_ascon_i/ps7_0_axi_periph/xbar/inst/gen_sasd.crossbar_sasd_0/addr_arbiter_inst/E[0]                                                                          |                                                                                                                                                           |                9 |             35 |         3.89 |
|  design_ascon_i/processing_system7_0/inst/FCLK_CLK0 | design_ascon_i/axi_gpio_enable/U0/gpio_core_1/gpio_io_o[0]_repN_5                                                                                                  | design_ascon_i/rst_ps7_0_50M/U0/peripheral_aresetn[0]_repN_7                                                                                              |                6 |             35 |         5.83 |
|  design_ascon_i/processing_system7_0/inst/FCLK_CLK0 | design_ascon_i/axi_gpio_enable/U0/gpio_core_1/gpio_io_o[0]_repN_11                                                                                                 | design_ascon_i/rst_ps7_0_50M/U0/peripheral_aresetn[0]_repN_10                                                                                             |                8 |             39 |         4.88 |
|  design_ascon_i/processing_system7_0/inst/FCLK_CLK0 | design_ascon_i/axi_gpio_enable/U0/gpio_core_1/gpio_io_o[0]_repN_2                                                                                                  | design_ascon_i/rst_ps7_0_50M/U0/peripheral_aresetn[0]_repN_2                                                                                              |               14 |             39 |         2.79 |
|  design_ascon_i/processing_system7_0/inst/FCLK_CLK0 | design_ascon_i/axi_gpio_enable/U0/gpio_core_1/gpio_io_o[0]_repN_5                                                                                                  | design_ascon_i/rst_ps7_0_50M/U0/peripheral_aresetn[0]_repN_9                                                                                              |               11 |             40 |         3.64 |
|  design_ascon_i/processing_system7_0/inst/FCLK_CLK0 | design_ascon_i/axi_gpio_enable/U0/gpio_core_1/gpio_io_o[0]_repN_11                                                                                                 | design_ascon_i/rst_ps7_0_50M/U0/peripheral_aresetn[0]_repN_8                                                                                              |               10 |             41 |         4.10 |
|  design_ascon_i/processing_system7_0/inst/FCLK_CLK0 | design_ascon_i/axi_gpio_enable/U0/gpio_core_1/gpio_io_o[0]_repN_4                                                                                                  | design_ascon_i/rst_ps7_0_50M/U0/peripheral_aresetn[0]_repN_3                                                                                              |               10 |             44 |         4.40 |
|  design_ascon_i/processing_system7_0/inst/FCLK_CLK0 | design_ascon_i/axi_gpio_enable/U0/gpio_core_1/gpio_io_o[0]_repN_1                                                                                                  | design_ascon_i/rst_ps7_0_50M/U0/peripheral_aresetn[0]_repN_6                                                                                              |               19 |             46 |         2.42 |
|  design_ascon_i/processing_system7_0/inst/FCLK_CLK0 |                                                                                                                                                                    | design_ascon_i/axi_gpio_ciphertext_0/U0/AXI_LITE_IPIF_I/I_SLAVE_ATTACHMENT/SR[0]                                                                          |               13 |             47 |         3.62 |
|  design_ascon_i/processing_system7_0/inst/FCLK_CLK0 |                                                                                                                                                                    | design_ascon_i/axi_gpio_nonce_1/U0/AXI_LITE_IPIF_I/I_SLAVE_ATTACHMENT/SR[0]                                                                               |               14 |             47 |         3.36 |
|  design_ascon_i/processing_system7_0/inst/FCLK_CLK0 |                                                                                                                                                                    | design_ascon_i/axi_gpio_nonce_3/U0/AXI_LITE_IPIF_I/I_SLAVE_ATTACHMENT/SR[0]                                                                               |               14 |             47 |         3.36 |
|  design_ascon_i/processing_system7_0/inst/FCLK_CLK0 |                                                                                                                                                                    | design_ascon_i/axi_gpio_plaintext_2/U0/AXI_LITE_IPIF_I/I_SLAVE_ATTACHMENT/SR[0]                                                                           |               15 |             47 |         3.13 |
|  design_ascon_i/processing_system7_0/inst/FCLK_CLK0 |                                                                                                                                                                    | design_ascon_i/axi_gpio_plaintext_0/U0/AXI_LITE_IPIF_I/I_SLAVE_ATTACHMENT/SR[0]                                                                           |               14 |             47 |         3.36 |
|  design_ascon_i/processing_system7_0/inst/FCLK_CLK0 |                                                                                                                                                                    | design_ascon_i/axi_gpio_key_1/U0/AXI_LITE_IPIF_I/I_SLAVE_ATTACHMENT/SR[0]                                                                                 |               14 |             47 |         3.36 |
|  design_ascon_i/processing_system7_0/inst/FCLK_CLK0 |                                                                                                                                                                    | design_ascon_i/axi_gpio_plaintext_1/U0/AXI_LITE_IPIF_I/I_SLAVE_ATTACHMENT/SR[0]                                                                           |               15 |             47 |         3.13 |
|  design_ascon_i/processing_system7_0/inst/FCLK_CLK0 |                                                                                                                                                                    | design_ascon_i/axi_gpio_nonce_2/U0/AXI_LITE_IPIF_I/I_SLAVE_ATTACHMENT/SR[0]                                                                               |               13 |             47 |         3.62 |
|  design_ascon_i/processing_system7_0/inst/FCLK_CLK0 |                                                                                                                                                                    | design_ascon_i/axi_gpio_ciphertext_3/U0/AXI_LITE_IPIF_I/I_SLAVE_ATTACHMENT/SR[0]                                                                          |               16 |             47 |         2.94 |
|  design_ascon_i/processing_system7_0/inst/FCLK_CLK0 |                                                                                                                                                                    | design_ascon_i/axi_gpio_ciphertext_1/U0/AXI_LITE_IPIF_I/I_SLAVE_ATTACHMENT/SR[0]                                                                          |               13 |             47 |         3.62 |
|  design_ascon_i/processing_system7_0/inst/FCLK_CLK0 |                                                                                                                                                                    | design_ascon_i/axi_gpio_plaintext_3/U0/AXI_LITE_IPIF_I/I_SLAVE_ATTACHMENT/SR[0]                                                                           |               13 |             47 |         3.62 |
|  design_ascon_i/processing_system7_0/inst/FCLK_CLK0 |                                                                                                                                                                    | design_ascon_i/axi_gpio_ciphertext_2/U0/AXI_LITE_IPIF_I/I_SLAVE_ATTACHMENT/SR[0]                                                                          |               13 |             47 |         3.62 |
|  design_ascon_i/processing_system7_0/inst/FCLK_CLK0 | design_ascon_i/ps7_0_axi_periph/s00_couplers/auto_pc/inst/gen_axilite.gen_b2s_conv.axilite_b2s/SI_REG/r.r_pipe/s_ready_i_reg_0                                     |                                                                                                                                                           |                9 |             47 |         5.22 |
|  design_ascon_i/processing_system7_0/inst/FCLK_CLK0 | design_ascon_i/ps7_0_axi_periph/s00_couplers/auto_pc/inst/gen_axilite.gen_b2s_conv.axilite_b2s/SI_REG/r.r_pipe/p_1_in                                              |                                                                                                                                                           |                9 |             47 |         5.22 |
|  design_ascon_i/processing_system7_0/inst/FCLK_CLK0 |                                                                                                                                                                    | design_ascon_i/axi_gpio_key_0/U0/AXI_LITE_IPIF_I/I_SLAVE_ATTACHMENT/SR[0]                                                                                 |               14 |             47 |         3.36 |
|  design_ascon_i/processing_system7_0/inst/FCLK_CLK0 |                                                                                                                                                                    | design_ascon_i/axi_gpio_nonce_0/U0/AXI_LITE_IPIF_I/I_SLAVE_ATTACHMENT/SR[0]                                                                               |               16 |             47 |         2.94 |
|  design_ascon_i/processing_system7_0/inst/FCLK_CLK0 |                                                                                                                                                                    | design_ascon_i/axi_gpio_key_3/U0/AXI_LITE_IPIF_I/I_SLAVE_ATTACHMENT/SR[0]                                                                                 |               18 |             47 |         2.61 |
|  design_ascon_i/processing_system7_0/inst/FCLK_CLK0 |                                                                                                                                                                    | design_ascon_i/axi_gpio_key_2/U0/AXI_LITE_IPIF_I/I_SLAVE_ATTACHMENT/SR[0]                                                                                 |               15 |             47 |         3.13 |
|  design_ascon_i/processing_system7_0/inst/FCLK_CLK0 | design_ascon_i/ps7_0_axi_periph/s00_couplers/auto_pc/inst/gen_axilite.gen_b2s_conv.axilite_b2s/RD.ar_channel_0/ar_cmd_fsm_0/m_valid_i_reg[0]                       |                                                                                                                                                           |               10 |             48 |         4.80 |
|  design_ascon_i/processing_system7_0/inst/FCLK_CLK0 | design_ascon_i/ps7_0_axi_periph/s00_couplers/auto_pc/inst/gen_axilite.gen_b2s_conv.axilite_b2s/SI_REG/aw.aw_pipe/s_ready_i_reg_0                                   |                                                                                                                                                           |               12 |             48 |         4.00 |
|  design_ascon_i/processing_system7_0/inst/FCLK_CLK0 | design_ascon_i/ps7_0_axi_periph/s00_couplers/auto_pc/inst/gen_axilite.gen_b2s_conv.axilite_b2s/WR.aw_channel_0/aw_cmd_fsm_0/E[0]                                   |                                                                                                                                                           |               10 |             48 |         4.80 |
|  design_ascon_i/processing_system7_0/inst/FCLK_CLK0 | design_ascon_i/ps7_0_axi_periph/s00_couplers/auto_pc/inst/gen_axilite.gen_b2s_conv.axilite_b2s/SI_REG/ar.ar_pipe/s_ready_i_reg_0                                   |                                                                                                                                                           |               11 |             48 |         4.36 |
|  design_ascon_i/processing_system7_0/inst/FCLK_CLK0 | design_ascon_i/axi_gpio_enable/U0/gpio_core_1/gpio_io_o[0]_repN_9                                                                                                  | design_ascon_i/rst_ps7_0_50M/U0/peripheral_aresetn[0]                                                                                                     |               14 |             51 |         3.64 |
|  design_ascon_i/processing_system7_0/inst/FCLK_CLK0 | design_ascon_i/axi_gpio_enable/U0/gpio_core_1/gpio_io_o[0]_repN_7                                                                                                  | design_ascon_i/rst_ps7_0_50M/U0/peripheral_aresetn[0]_repN_9                                                                                              |               17 |             52 |         3.06 |
|  design_ascon_i/processing_system7_0/inst/FCLK_CLK0 | design_ascon_i/axi_gpio_enable/U0/gpio_core_1/gpio_io_o[0]_repN_12                                                                                                 | design_ascon_i/rst_ps7_0_50M/U0/peripheral_aresetn[0]                                                                                                     |               13 |             52 |         4.00 |
|  design_ascon_i/processing_system7_0/inst/FCLK_CLK0 | design_ascon_i/axi_gpio_enable/U0/gpio_core_1/gpio_io_o[0]_repN_12                                                                                                 |                                                                                                                                                           |                7 |             56 |         8.00 |
|  design_ascon_i/processing_system7_0/inst/FCLK_CLK0 | design_ascon_i/axi_gpio_enable/U0/gpio_core_1/gpio_io_o[0]_repN_6                                                                                                  | design_ascon_i/rst_ps7_0_50M/U0/peripheral_aresetn[0]_repN_5                                                                                              |               18 |             56 |         3.11 |
|  design_ascon_i/processing_system7_0/inst/FCLK_CLK0 | design_ascon_i/axi_gpio_enable/U0/gpio_core_1/gpio_io_o[0]_repN_9                                                                                                  |                                                                                                                                                           |                8 |             60 |         7.50 |
|  design_ascon_i/processing_system7_0/inst/FCLK_CLK0 | design_ascon_i/axi_gpio_enable/U0/gpio_core_1/gpio_io_o[0]_repN_3                                                                                                  | design_ascon_i/rst_ps7_0_50M/U0/peripheral_aresetn[0]_repN_1                                                                                              |               19 |             68 |         3.58 |
|  design_ascon_i/processing_system7_0/inst/FCLK_CLK0 | design_ascon_i/axi_gpio_enable/U0/gpio_core_1/gpio_io_o[0]_repN_10                                                                                                 | design_ascon_i/rst_ps7_0_50M/U0/peripheral_aresetn[0]_repN_2                                                                                              |               19 |             73 |         3.84 |
|  design_ascon_i/processing_system7_0/inst/FCLK_CLK0 | design_ascon_i/axi_gpio_enable/U0/gpio_core_1/gpio_io_o[0]_repN_6                                                                                                  | design_ascon_i/rst_ps7_0_50M/U0/peripheral_aresetn[0]_repN_8                                                                                              |               20 |             80 |         4.00 |
|  design_ascon_i/processing_system7_0/inst/FCLK_CLK0 | design_ascon_i/axi_gpio_enable/U0/gpio_core_1/gpio_io_o[0]_repN_2                                                                                                  | design_ascon_i/rst_ps7_0_50M/U0/peripheral_aresetn[0]_repN_1                                                                                              |               25 |             87 |         3.48 |
|  design_ascon_i/processing_system7_0/inst/FCLK_CLK0 | design_ascon_i/axi_gpio_enable/U0/gpio_core_1/gpio_io_o[0]_repN_2                                                                                                  | design_ascon_i/rst_ps7_0_50M/U0/peripheral_aresetn[0]_repN_4                                                                                              |               32 |             97 |         3.03 |
|  design_ascon_i/processing_system7_0/inst/FCLK_CLK0 | design_ascon_i/axi_gpio_enable/U0/gpio_core_1/gpio_io_o[0]_repN_11                                                                                                 |                                                                                                                                                           |               15 |            114 |         7.60 |
|  design_ascon_i/processing_system7_0/inst/FCLK_CLK0 | design_ascon_i/axi_gpio_enable/U0/gpio_core_1/gpio_io_o[0]_repN_8                                                                                                  | design_ascon_i/rst_ps7_0_50M/U0/peripheral_aresetn[0]_repN_2                                                                                              |               32 |            120 |         3.75 |
|  design_ascon_i/processing_system7_0/inst/FCLK_CLK0 | design_ascon_i/axi_gpio_enable/U0/gpio_core_1/gpio_io_o[0]_repN_3                                                                                                  | design_ascon_i/rst_ps7_0_50M/U0/peripheral_aresetn[0]_repN                                                                                                |               36 |            129 |         3.58 |
|  design_ascon_i/processing_system7_0/inst/FCLK_CLK0 | design_ascon_i/axi_gpio_enable/U0/gpio_core_1/gpio_io_o[0]_repN_10                                                                                                 | design_ascon_i/rst_ps7_0_50M/U0/peripheral_aresetn[0]_repN_5                                                                                              |               49 |            139 |         2.84 |
|  design_ascon_i/processing_system7_0/inst/FCLK_CLK0 | design_ascon_i/axi_gpio_enable/U0/gpio_core_1/gpio_io_o[0]_repN                                                                                                    | design_ascon_i/rst_ps7_0_50M/U0/peripheral_aresetn[0]_repN_3                                                                                              |               50 |            162 |         3.24 |
|  design_ascon_i/processing_system7_0/inst/FCLK_CLK0 |                                                                                                                                                                    |                                                                                                                                                           |              292 |            930 |         3.18 |
+-----------------------------------------------------+--------------------------------------------------------------------------------------------------------------------------------------------------------------------+-----------------------------------------------------------------------------------------------------------------------------------------------------------+------------------+----------------+--------------+


