12:54:55 DEBUG : Logs will be stored at 'C:/Users/david/Documents/ASCON-project/workspace/IDE.log'.
12:55:05 INFO  : Launching XSCT server: xsct.bat -n  -interactive C:\Users\david\Documents\ASCON-project\workspace\temp_xsdb_launch_script.tcl
12:55:06 INFO  : Platform repository initialization has completed.
12:55:06 INFO  : Registering command handlers for Vitis TCF services
12:55:12 INFO  : XSCT server has started successfully.
12:55:12 INFO  : plnx-install-location is set to ''
12:55:13 INFO  : Successfully done setting XSCT server connection channel  
12:55:13 INFO  : Successfully done query RDI_DATADIR 
12:55:13 INFO  : Successfully done setting workspace for the tool. 
12:57:26 INFO  : Result from executing command 'getProjects': design_ascon_wrapper
12:57:26 INFO  : Result from executing command 'getPlatforms': 
12:57:26 WARN  : An unexpected exception occurred in the module 'platform project logging'
12:57:27 INFO  : Platform 'design_ascon_wrapper' is added to custom repositories.
12:57:55 INFO  : Platform 'design_ascon_wrapper' is added to custom repositories.
13:02:42 INFO  : Result from executing command 'getProjects': design_ascon_wrapper
13:02:42 INFO  : Result from executing command 'getPlatforms': design_ascon_wrapper|C:/Users/david/Documents/ASCON-project/workspace/design_ascon_wrapper/export/design_ascon_wrapper/design_ascon_wrapper.xpfm
13:02:43 INFO  : Checking for BSP changes to sync application flags for project 'ascon_app'...
13:03:10 INFO  : Connected to target on host '127.0.0.1' and port '3121'.
13:03:11 INFO  : Jtag cable 'Digilent Zed 210248781938' is selected.
13:03:11 INFO  : 'jtag frequency' command is executed.
13:03:12 INFO  : Context for 'APU' is selected.
13:03:12 INFO  : System reset is completed.
13:03:15 INFO  : 'after 3000' command is executed.
13:03:15 INFO  : 'targets -set -filter {jtag_cable_name =~ "Digilent Zed 210248781938" && level==0 && jtag_device_ctx=="jsn-Zed-210248781938-23727093-0"}' command is executed.
13:03:19 INFO  : Device configured successfully with "C:/Users/david/Documents/ASCON-project/workspace/ascon_app/_ide/bitstream/design_ascon_wrapper.bit"
13:03:19 INFO  : Context for 'APU' is selected.
13:03:20 INFO  : Hardware design and registers information is loaded from 'C:/Users/david/Documents/ASCON-project/workspace/design_ascon_wrapper/export/design_ascon_wrapper/hw/design_ascon_wrapper.xsa'.
13:03:20 INFO  : 'configparams force-mem-access 1' command is executed.
13:03:20 INFO  : Context for 'APU' is selected.
13:03:20 INFO  : Sourcing of 'C:/Users/david/Documents/ASCON-project/workspace/ascon_app/_ide/psinit/ps7_init.tcl' is done.
13:03:23 INFO  : 'ps7_init' command is executed.
13:03:23 INFO  : 'ps7_post_config' command is executed.
13:03:23 INFO  : Context for processor 'ps7_cortexa9_0' is selected.
13:03:24 INFO  : The application 'C:/Users/david/Documents/ASCON-project/workspace/ascon_app/Debug/ascon_app.elf' is downloaded to processor 'ps7_cortexa9_0'.
13:03:24 INFO  : 'configparams force-mem-access 0' command is executed.
13:03:24 INFO  : ----------------XSDB Script----------------
connect -url tcp:127.0.0.1:3121
targets -set -nocase -filter {name =~"APU*"}
rst -system
after 3000
targets -set -filter {jtag_cable_name =~ "Digilent Zed 210248781938" && level==0 && jtag_device_ctx=="jsn-Zed-210248781938-23727093-0"}
fpga -file C:/Users/david/Documents/ASCON-project/workspace/ascon_app/_ide/bitstream/design_ascon_wrapper.bit
targets -set -nocase -filter {name =~"APU*"}
loadhw -hw C:/Users/david/Documents/ASCON-project/workspace/design_ascon_wrapper/export/design_ascon_wrapper/hw/design_ascon_wrapper.xsa -mem-ranges [list {0x40000000 0xbfffffff}] -regs
configparams force-mem-access 1
targets -set -nocase -filter {name =~"APU*"}
source C:/Users/david/Documents/ASCON-project/workspace/ascon_app/_ide/psinit/ps7_init.tcl
ps7_init
ps7_post_config
targets -set -nocase -filter {name =~ "*A9*#0"}
dow C:/Users/david/Documents/ASCON-project/workspace/ascon_app/Debug/ascon_app.elf
configparams force-mem-access 0
----------------End of Script----------------

13:03:25 INFO  : Context for processor 'ps7_cortexa9_0' is selected.
13:03:25 INFO  : 'con' command is executed.
13:03:25 INFO  : ----------------XSDB Script (After Launch)----------------
targets -set -nocase -filter {name =~ "*A9*#0"}
con
----------------End of Script----------------

13:03:25 INFO  : Launch script is exported to file 'C:\Users\david\Documents\ASCON-project\workspace\ascon_app_system\_ide\scripts\debugger_ascon_app-default.tcl'
13:07:29 INFO  : Disconnected from the channel tcfchan#2.
13:08:32 DEBUG : Logs will be stored at 'C:/Users/david/Documents/ASCON-project/workspace/IDE.log'.
13:08:34 INFO  : Launching XSCT server: xsct.bat -n  -interactive C:\Users\david\Documents\ASCON-project\workspace\temp_xsdb_launch_script.tcl
13:08:50 INFO  : XSCT server has started successfully.
13:08:50 INFO  : plnx-install-location is set to ''
13:08:50 INFO  : Successfully done setting XSCT server connection channel  
13:08:50 INFO  : Successfully done setting workspace for the tool. 
13:08:50 INFO  : Registering command handlers for Vitis TCF services
13:08:50 INFO  : Platform repository initialization has completed.
13:08:52 INFO  : Successfully done query RDI_DATADIR 
13:12:18 INFO  : Checking for BSP changes to sync application flags for project 'ascon_app'...
13:26:20 DEBUG : Logs will be stored at 'C:/Users/david/Documents/ASCON-project/workspace/IDE.log'.
13:26:22 INFO  : Launching XSCT server: xsct.bat -n  -interactive C:\Users\david\Documents\ASCON-project\workspace\temp_xsdb_launch_script.tcl
13:26:34 INFO  : Checking for BSP changes to sync application flags for project 'ascon_app'...
13:26:34 ERROR : Failed to get platform details for the project 'ascon_app'. Cannot sync application flags.
13:26:39 INFO  : XSCT server has started successfully.
13:26:39 INFO  : plnx-install-location is set to ''
13:26:39 INFO  : Successfully done setting XSCT server connection channel  
13:26:39 INFO  : Successfully done setting workspace for the tool. 
13:26:39 INFO  : Platform repository initialization has completed.
13:26:40 INFO  : Registering command handlers for Vitis TCF services
13:26:42 INFO  : Successfully done query RDI_DATADIR 
13:26:45 INFO  : Checking for BSP changes to sync application flags for project 'ascon_app'...
13:27:13 INFO  : Connected to target on host '127.0.0.1' and port '3121'.
13:27:15 INFO  : Jtag cable 'Digilent Zed 210248781938' is selected.
13:27:15 INFO  : 'jtag frequency' command is executed.
13:27:15 INFO  : Context for 'APU' is selected.
13:27:15 INFO  : System reset is completed.
13:27:18 INFO  : 'after 3000' command is executed.
13:27:19 INFO  : 'targets -set -filter {jtag_cable_name =~ "Digilent Zed 210248781938" && level==0 && jtag_device_ctx=="jsn-Zed-210248781938-23727093-0"}' command is executed.
13:27:22 INFO  : Device configured successfully with "C:/Users/david/Documents/ASCON-project/workspace/ascon_app/_ide/bitstream/design_ascon_wrapper.bit"
13:27:22 INFO  : Context for 'APU' is selected.
13:27:24 INFO  : Hardware design and registers information is loaded from 'C:/Users/david/Documents/ASCON-project/workspace/design_ascon_wrapper/export/design_ascon_wrapper/hw/design_ascon_wrapper.xsa'.
13:27:24 INFO  : 'configparams force-mem-access 1' command is executed.
13:27:24 INFO  : Context for 'APU' is selected.
13:27:24 INFO  : Sourcing of 'C:/Users/david/Documents/ASCON-project/workspace/ascon_app/_ide/psinit/ps7_init.tcl' is done.
13:27:26 INFO  : 'ps7_init' command is executed.
13:27:26 INFO  : 'ps7_post_config' command is executed.
13:27:26 INFO  : Context for processor 'ps7_cortexa9_0' is selected.
13:27:27 INFO  : The application 'C:/Users/david/Documents/ASCON-project/workspace/ascon_app/Debug/ascon_app.elf' is downloaded to processor 'ps7_cortexa9_0'.
13:27:27 INFO  : 'configparams force-mem-access 0' command is executed.
13:27:27 INFO  : ----------------XSDB Script----------------
connect -url tcp:127.0.0.1:3121
targets -set -nocase -filter {name =~"APU*"}
rst -system
after 3000
targets -set -filter {jtag_cable_name =~ "Digilent Zed 210248781938" && level==0 && jtag_device_ctx=="jsn-Zed-210248781938-23727093-0"}
fpga -file C:/Users/david/Documents/ASCON-project/workspace/ascon_app/_ide/bitstream/design_ascon_wrapper.bit
targets -set -nocase -filter {name =~"APU*"}
loadhw -hw C:/Users/david/Documents/ASCON-project/workspace/design_ascon_wrapper/export/design_ascon_wrapper/hw/design_ascon_wrapper.xsa -mem-ranges [list {0x40000000 0xbfffffff}] -regs
configparams force-mem-access 1
targets -set -nocase -filter {name =~"APU*"}
source C:/Users/david/Documents/ASCON-project/workspace/ascon_app/_ide/psinit/ps7_init.tcl
ps7_init
ps7_post_config
targets -set -nocase -filter {name =~ "*A9*#0"}
dow C:/Users/david/Documents/ASCON-project/workspace/ascon_app/Debug/ascon_app.elf
configparams force-mem-access 0
----------------End of Script----------------

13:27:27 INFO  : Context for processor 'ps7_cortexa9_0' is selected.
13:27:27 INFO  : 'con' command is executed.
13:27:27 INFO  : ----------------XSDB Script (After Launch)----------------
targets -set -nocase -filter {name =~ "*A9*#0"}
con
----------------End of Script----------------

13:27:27 INFO  : Launch script is exported to file 'C:\Users\david\Documents\ASCON-project\workspace\ascon_app_system\_ide\scripts\debugger_ascon_app-default.tcl'
13:32:16 INFO  : Disconnected from the channel tcfchan#1.
13:32:17 INFO  : Connected to target on host '127.0.0.1' and port '3121'.
13:32:27 INFO  : ----------------XSDB Script----------------
connect -url tcp:127.0.0.1:3121
----------------End of Script----------------

13:32:27 ERROR : Could not find ARM device on the board for connection 'Local'.
Check if the target is in:
1. Split JTAG - No operations are possible with ARM DAP.
2. Non JTAG bootmode - Bootrom may need time to enable DAP.
Please try again.


Troubleshooting hints:
1. Check whether board is connected to system properly.
2. In case of zynq board, check whether Digilent/Xilinx cable switch settings are correct.
3. If you are using Xilinx Platform Cable USB, ensure that status LED is green.
13:32:38 INFO  : Connected to target on host '127.0.0.1' and port '3121'.
13:32:40 INFO  : Jtag cable 'Digilent Zed 210248781938' is selected.
13:32:40 INFO  : 'jtag frequency' command is executed.
13:32:40 INFO  : Context for 'APU' is selected.
13:32:40 INFO  : System reset is completed.
13:32:43 INFO  : 'after 3000' command is executed.
13:32:43 INFO  : 'targets -set -filter {jtag_cable_name =~ "Digilent Zed 210248781938" && level==0 && jtag_device_ctx=="jsn-Zed-210248781938-23727093-0"}' command is executed.
13:32:47 INFO  : Device configured successfully with "C:/Users/david/Documents/ASCON-project/workspace/ascon_app/_ide/bitstream/design_ascon_wrapper.bit"
13:32:47 INFO  : Context for 'APU' is selected.
13:32:58 INFO  : Hardware design and registers information is loaded from 'C:/Users/david/Documents/ASCON-project/workspace/design_ascon_wrapper/export/design_ascon_wrapper/hw/design_ascon_wrapper.xsa'.
13:32:58 INFO  : 'configparams force-mem-access 1' command is executed.
13:32:58 INFO  : Context for 'APU' is selected.
13:32:58 INFO  : Sourcing of 'C:/Users/david/Documents/ASCON-project/workspace/ascon_app/_ide/psinit/ps7_init.tcl' is done.
13:33:01 INFO  : 'ps7_init' command is executed.
13:33:01 INFO  : 'ps7_post_config' command is executed.
13:33:01 INFO  : Context for processor 'ps7_cortexa9_0' is selected.
13:33:02 INFO  : The application 'C:/Users/david/Documents/ASCON-project/workspace/ascon_app/Debug/ascon_app.elf' is downloaded to processor 'ps7_cortexa9_0'.
13:33:02 INFO  : 'configparams force-mem-access 0' command is executed.
13:33:02 INFO  : ----------------XSDB Script----------------
connect -url tcp:127.0.0.1:3121
targets -set -nocase -filter {name =~"APU*"}
rst -system
after 3000
targets -set -filter {jtag_cable_name =~ "Digilent Zed 210248781938" && level==0 && jtag_device_ctx=="jsn-Zed-210248781938-23727093-0"}
fpga -file C:/Users/david/Documents/ASCON-project/workspace/ascon_app/_ide/bitstream/design_ascon_wrapper.bit
targets -set -nocase -filter {name =~"APU*"}
loadhw -hw C:/Users/david/Documents/ASCON-project/workspace/design_ascon_wrapper/export/design_ascon_wrapper/hw/design_ascon_wrapper.xsa -mem-ranges [list {0x40000000 0xbfffffff}] -regs
configparams force-mem-access 1
targets -set -nocase -filter {name =~"APU*"}
source C:/Users/david/Documents/ASCON-project/workspace/ascon_app/_ide/psinit/ps7_init.tcl
ps7_init
ps7_post_config
targets -set -nocase -filter {name =~ "*A9*#0"}
dow C:/Users/david/Documents/ASCON-project/workspace/ascon_app/Debug/ascon_app.elf
configparams force-mem-access 0
----------------End of Script----------------

13:33:02 INFO  : Context for processor 'ps7_cortexa9_0' is selected.
13:33:02 INFO  : 'con' command is executed.
13:33:02 INFO  : ----------------XSDB Script (After Launch)----------------
targets -set -nocase -filter {name =~ "*A9*#0"}
con
----------------End of Script----------------

13:33:02 INFO  : Launch script is exported to file 'C:\Users\david\Documents\ASCON-project\workspace\ascon_app_system\_ide\scripts\debugger_ascon_app-default.tcl'
13:34:08 INFO  : Disconnected from the channel tcfchan#2.
13:34:09 INFO  : Connected to target on host '127.0.0.1' and port '3121'.
13:34:18 INFO  : ----------------XSDB Script----------------
connect -url tcp:127.0.0.1:3121
----------------End of Script----------------

13:34:18 ERROR : Could not find ARM device on the board for connection 'Local'.
Check if the target is in:
1. Split JTAG - No operations are possible with ARM DAP.
2. Non JTAG bootmode - Bootrom may need time to enable DAP.
Please try again.


Troubleshooting hints:
1. Check whether board is connected to system properly.
2. In case of zynq board, check whether Digilent/Xilinx cable switch settings are correct.
3. If you are using Xilinx Platform Cable USB, ensure that status LED is green.
13:34:39 INFO  : Connected to target on host '127.0.0.1' and port '3121'.
13:34:40 INFO  : Jtag cable 'Digilent Zed 210248781938' is selected.
13:34:40 INFO  : 'jtag frequency' command is executed.
13:34:40 INFO  : Context for 'APU' is selected.
13:34:40 INFO  : System reset is completed.
13:34:43 INFO  : 'after 3000' command is executed.
13:34:44 INFO  : 'targets -set -filter {jtag_cable_name =~ "Digilent Zed 210248781938" && level==0 && jtag_device_ctx=="jsn-Zed-210248781938-23727093-0"}' command is executed.
13:34:47 INFO  : Device configured successfully with "C:/Users/david/Documents/ASCON-project/workspace/ascon_app/_ide/bitstream/design_ascon_wrapper.bit"
13:34:47 INFO  : Context for 'APU' is selected.
13:34:57 INFO  : Hardware design and registers information is loaded from 'C:/Users/david/Documents/ASCON-project/workspace/design_ascon_wrapper/export/design_ascon_wrapper/hw/design_ascon_wrapper.xsa'.
13:34:58 INFO  : 'configparams force-mem-access 1' command is executed.
13:34:58 INFO  : Context for 'APU' is selected.
13:34:58 INFO  : Sourcing of 'C:/Users/david/Documents/ASCON-project/workspace/ascon_app/_ide/psinit/ps7_init.tcl' is done.
13:35:00 INFO  : 'ps7_init' command is executed.
13:35:00 INFO  : 'ps7_post_config' command is executed.
13:35:00 INFO  : Context for processor 'ps7_cortexa9_0' is selected.
13:35:01 INFO  : The application 'C:/Users/david/Documents/ASCON-project/workspace/ascon_app/Debug/ascon_app.elf' is downloaded to processor 'ps7_cortexa9_0'.
13:35:01 INFO  : 'configparams force-mem-access 0' command is executed.
13:35:01 INFO  : ----------------XSDB Script----------------
connect -url tcp:127.0.0.1:3121
targets -set -nocase -filter {name =~"APU*"}
rst -system
after 3000
targets -set -filter {jtag_cable_name =~ "Digilent Zed 210248781938" && level==0 && jtag_device_ctx=="jsn-Zed-210248781938-23727093-0"}
fpga -file C:/Users/david/Documents/ASCON-project/workspace/ascon_app/_ide/bitstream/design_ascon_wrapper.bit
targets -set -nocase -filter {name =~"APU*"}
loadhw -hw C:/Users/david/Documents/ASCON-project/workspace/design_ascon_wrapper/export/design_ascon_wrapper/hw/design_ascon_wrapper.xsa -mem-ranges [list {0x40000000 0xbfffffff}] -regs
configparams force-mem-access 1
targets -set -nocase -filter {name =~"APU*"}
source C:/Users/david/Documents/ASCON-project/workspace/ascon_app/_ide/psinit/ps7_init.tcl
ps7_init
ps7_post_config
targets -set -nocase -filter {name =~ "*A9*#0"}
dow C:/Users/david/Documents/ASCON-project/workspace/ascon_app/Debug/ascon_app.elf
configparams force-mem-access 0
----------------End of Script----------------

13:35:01 INFO  : Context for processor 'ps7_cortexa9_0' is selected.
13:35:02 INFO  : 'con' command is executed.
13:35:02 INFO  : ----------------XSDB Script (After Launch)----------------
targets -set -nocase -filter {name =~ "*A9*#0"}
con
----------------End of Script----------------

13:35:02 INFO  : Launch script is exported to file 'C:\Users\david\Documents\ASCON-project\workspace\ascon_app_system\_ide\scripts\debugger_ascon_app-default.tcl'
13:36:10 ERROR : Emulation support is not available for Windows OS. 
13:38:04 INFO  : Disconnected from the channel tcfchan#3.
13:38:05 INFO  : Connected to target on host '127.0.0.1' and port '3121'.
13:38:14 INFO  : ----------------XSDB Script----------------
connect -url tcp:127.0.0.1:3121
----------------End of Script----------------

13:38:14 ERROR : Could not find ARM device on the board for connection 'Local'.
Check if the target is in:
1. Split JTAG - No operations are possible with ARM DAP.
2. Non JTAG bootmode - Bootrom may need time to enable DAP.
Please try again.


Troubleshooting hints:
1. Check whether board is connected to system properly.
2. In case of zynq board, check whether Digilent/Xilinx cable switch settings are correct.
3. If you are using Xilinx Platform Cable USB, ensure that status LED is green.
13:38:23 INFO  : Connected to target on host '127.0.0.1' and port '3121'.
13:38:24 INFO  : Jtag cable 'Digilent Zed 210248781938' is selected.
13:38:24 INFO  : 'jtag frequency' command is executed.
13:38:24 INFO  : Context for 'APU' is selected.
13:38:24 INFO  : System reset is completed.
13:38:27 INFO  : 'after 3000' command is executed.
13:38:28 INFO  : 'targets -set -filter {jtag_cable_name =~ "Digilent Zed 210248781938" && level==0 && jtag_device_ctx=="jsn-Zed-210248781938-23727093-0"}' command is executed.
13:38:31 INFO  : Device configured successfully with "C:/Users/david/Documents/ASCON-project/workspace/ascon_app/_ide/bitstream/design_ascon_wrapper.bit"
13:38:32 INFO  : Context for 'APU' is selected.
13:38:42 INFO  : Hardware design and registers information is loaded from 'C:/Users/david/Documents/ASCON-project/workspace/design_ascon_wrapper/export/design_ascon_wrapper/hw/design_ascon_wrapper.xsa'.
13:38:42 INFO  : 'configparams force-mem-access 1' command is executed.
13:38:42 INFO  : Context for 'APU' is selected.
13:38:42 INFO  : Sourcing of 'C:/Users/david/Documents/ASCON-project/workspace/ascon_app/_ide/psinit/ps7_init.tcl' is done.
13:38:47 INFO  : 'ps7_init' command is executed.
13:38:47 INFO  : 'ps7_post_config' command is executed.
13:38:47 INFO  : Context for processor 'ps7_cortexa9_0' is selected.
13:38:48 INFO  : The application 'C:/Users/david/Documents/ASCON-project/workspace/ascon_app/Debug/ascon_app.elf' is downloaded to processor 'ps7_cortexa9_0'.
13:38:48 INFO  : 'configparams force-mem-access 0' command is executed.
13:38:48 INFO  : ----------------XSDB Script----------------
connect -url tcp:127.0.0.1:3121
targets -set -nocase -filter {name =~"APU*"}
rst -system
after 3000
targets -set -filter {jtag_cable_name =~ "Digilent Zed 210248781938" && level==0 && jtag_device_ctx=="jsn-Zed-210248781938-23727093-0"}
fpga -file C:/Users/david/Documents/ASCON-project/workspace/ascon_app/_ide/bitstream/design_ascon_wrapper.bit
targets -set -nocase -filter {name =~"APU*"}
loadhw -hw C:/Users/david/Documents/ASCON-project/workspace/design_ascon_wrapper/export/design_ascon_wrapper/hw/design_ascon_wrapper.xsa -mem-ranges [list {0x40000000 0xbfffffff}] -regs
configparams force-mem-access 1
targets -set -nocase -filter {name =~"APU*"}
source C:/Users/david/Documents/ASCON-project/workspace/ascon_app/_ide/psinit/ps7_init.tcl
ps7_init
ps7_post_config
targets -set -nocase -filter {name =~ "*A9*#0"}
dow C:/Users/david/Documents/ASCON-project/workspace/ascon_app/Debug/ascon_app.elf
configparams force-mem-access 0
----------------End of Script----------------

13:38:48 INFO  : Context for processor 'ps7_cortexa9_0' is selected.
13:38:48 INFO  : 'con' command is executed.
13:38:48 INFO  : ----------------XSDB Script (After Launch)----------------
targets -set -nocase -filter {name =~ "*A9*#0"}
con
----------------End of Script----------------

13:38:48 INFO  : Launch script is exported to file 'C:\Users\david\Documents\ASCON-project\workspace\ascon_app_system\_ide\scripts\debugger_ascon_app-default.tcl'
13:39:24 INFO  : Disconnected from the channel tcfchan#4.
13:39:24 INFO  : Connected to target on host '127.0.0.1' and port '3121'.
13:39:34 INFO  : ----------------XSDB Script----------------
connect -url tcp:127.0.0.1:3121
----------------End of Script----------------

13:39:34 ERROR : Could not find ARM device on the board for connection 'Local'.
Check if the target is in:
1. Split JTAG - No operations are possible with ARM DAP.
2. Non JTAG bootmode - Bootrom may need time to enable DAP.
Please try again.


Troubleshooting hints:
1. Check whether board is connected to system properly.
2. In case of zynq board, check whether Digilent/Xilinx cable switch settings are correct.
3. If you are using Xilinx Platform Cable USB, ensure that status LED is green.
13:39:46 INFO  : Connected to target on host '127.0.0.1' and port '3121'.
13:39:47 INFO  : Jtag cable 'Digilent Zed 210248781938' is selected.
13:39:47 INFO  : 'jtag frequency' command is executed.
13:39:47 INFO  : Context for 'APU' is selected.
13:39:47 INFO  : System reset is completed.
13:39:50 INFO  : 'after 3000' command is executed.
13:39:51 INFO  : 'targets -set -filter {jtag_cable_name =~ "Digilent Zed 210248781938" && level==0 && jtag_device_ctx=="jsn-Zed-210248781938-23727093-0"}' command is executed.
13:39:54 INFO  : Device configured successfully with "C:/Users/david/Documents/ASCON-project/workspace/ascon_app/_ide/bitstream/design_ascon_wrapper.bit"
13:39:55 INFO  : Context for 'APU' is selected.
13:40:05 INFO  : Hardware design and registers information is loaded from 'C:/Users/david/Documents/ASCON-project/workspace/design_ascon_wrapper/export/design_ascon_wrapper/hw/design_ascon_wrapper.xsa'.
13:40:05 INFO  : 'configparams force-mem-access 1' command is executed.
13:40:05 INFO  : Context for 'APU' is selected.
13:40:05 INFO  : Sourcing of 'C:/Users/david/Documents/ASCON-project/workspace/ascon_app/_ide/psinit/ps7_init.tcl' is done.
13:40:08 INFO  : 'ps7_init' command is executed.
13:40:08 INFO  : 'ps7_post_config' command is executed.
13:40:08 INFO  : Context for processor 'ps7_cortexa9_0' is selected.
13:40:09 INFO  : The application 'C:/Users/david/Documents/ASCON-project/workspace/ascon_app/Debug/ascon_app.elf' is downloaded to processor 'ps7_cortexa9_0'.
13:40:09 INFO  : 'configparams force-mem-access 0' command is executed.
13:40:09 INFO  : ----------------XSDB Script----------------
connect -url tcp:127.0.0.1:3121
targets -set -nocase -filter {name =~"APU*"}
rst -system
after 3000
targets -set -filter {jtag_cable_name =~ "Digilent Zed 210248781938" && level==0 && jtag_device_ctx=="jsn-Zed-210248781938-23727093-0"}
fpga -file C:/Users/david/Documents/ASCON-project/workspace/ascon_app/_ide/bitstream/design_ascon_wrapper.bit
targets -set -nocase -filter {name =~"APU*"}
loadhw -hw C:/Users/david/Documents/ASCON-project/workspace/design_ascon_wrapper/export/design_ascon_wrapper/hw/design_ascon_wrapper.xsa -mem-ranges [list {0x40000000 0xbfffffff}] -regs
configparams force-mem-access 1
targets -set -nocase -filter {name =~"APU*"}
source C:/Users/david/Documents/ASCON-project/workspace/ascon_app/_ide/psinit/ps7_init.tcl
ps7_init
ps7_post_config
targets -set -nocase -filter {name =~ "*A9*#0"}
dow C:/Users/david/Documents/ASCON-project/workspace/ascon_app/Debug/ascon_app.elf
configparams force-mem-access 0
----------------End of Script----------------

13:40:09 INFO  : Context for processor 'ps7_cortexa9_0' is selected.
13:40:09 INFO  : 'con' command is executed.
13:40:09 INFO  : ----------------XSDB Script (After Launch)----------------
targets -set -nocase -filter {name =~ "*A9*#0"}
con
----------------End of Script----------------

13:40:09 INFO  : Launch script is exported to file 'C:\Users\david\Documents\ASCON-project\workspace\ascon_app_system\_ide\scripts\debugger_ascon_app-default.tcl'
13:40:52 ERROR : Emulation support is not available for Windows OS. 
13:42:05 INFO  : Disconnected from the channel tcfchan#5.
13:42:07 ERROR : Emulation support is not available for Windows OS. 
16:09:41 DEBUG : Logs will be stored at 'C:/Users/david/Documents/ASCON-project/workspace/IDE.log'.
16:09:43 INFO  : Launching XSCT server: xsct.bat -n  -interactive C:\Users\david\Documents\ASCON-project\workspace\temp_xsdb_launch_script.tcl
16:09:56 INFO  : Registering command handlers for Vitis TCF services
16:09:57 INFO  : Platform repository initialization has completed.
16:10:00 INFO  : XSCT server has started successfully.
16:10:05 INFO  : plnx-install-location is set to ''
16:10:05 INFO  : Successfully done setting XSCT server connection channel  
16:10:10 INFO  : Successfully done query RDI_DATADIR 
16:10:10 INFO  : Successfully done setting workspace for the tool. 
16:10:14 INFO  : Connected to target on host '127.0.0.1' and port '3121'.
16:10:16 INFO  : Jtag cable 'Digilent Zed 210248781938' is selected.
16:10:16 INFO  : 'jtag frequency' command is executed.
16:10:16 INFO  : Context for 'APU' is selected.
16:10:16 INFO  : System reset is completed.
16:10:19 INFO  : 'after 3000' command is executed.
16:10:19 INFO  : 'targets -set -filter {jtag_cable_name =~ "Digilent Zed 210248781938" && level==0 && jtag_device_ctx=="jsn-Zed-210248781938-23727093-0"}' command is executed.
16:10:22 INFO  : Device configured successfully with "C:/Users/david/Documents/ASCON-project/workspace/ascon_app/_ide/bitstream/design_ascon_wrapper.bit"
16:10:22 INFO  : Context for 'APU' is selected.
16:10:22 INFO  : Hardware design and registers information is loaded from 'C:/Users/david/Documents/ASCON-project/workspace/design_ascon_wrapper/export/design_ascon_wrapper/hw/design_ascon_wrapper.xsa'.
16:10:22 INFO  : 'configparams force-mem-access 1' command is executed.
16:10:22 INFO  : Context for 'APU' is selected.
16:10:22 INFO  : Sourcing of 'C:/Users/david/Documents/ASCON-project/workspace/ascon_app/_ide/psinit/ps7_init.tcl' is done.
16:10:23 INFO  : 'ps7_init' command is executed.
16:10:24 INFO  : 'ps7_post_config' command is executed.
16:10:24 INFO  : Context for processor 'ps7_cortexa9_0' is selected.
16:10:24 INFO  : The application 'C:/Users/david/Documents/ASCON-project/workspace/ascon_app/Debug/ascon_app.elf' is downloaded to processor 'ps7_cortexa9_0'.
16:10:24 INFO  : 'configparams force-mem-access 0' command is executed.
16:10:24 INFO  : ----------------XSDB Script----------------
connect -url tcp:127.0.0.1:3121
targets -set -nocase -filter {name =~"APU*"}
rst -system
after 3000
targets -set -filter {jtag_cable_name =~ "Digilent Zed 210248781938" && level==0 && jtag_device_ctx=="jsn-Zed-210248781938-23727093-0"}
fpga -file C:/Users/david/Documents/ASCON-project/workspace/ascon_app/_ide/bitstream/design_ascon_wrapper.bit
targets -set -nocase -filter {name =~"APU*"}
loadhw -hw C:/Users/david/Documents/ASCON-project/workspace/design_ascon_wrapper/export/design_ascon_wrapper/hw/design_ascon_wrapper.xsa -mem-ranges [list {0x40000000 0xbfffffff}] -regs
configparams force-mem-access 1
targets -set -nocase -filter {name =~"APU*"}
source C:/Users/david/Documents/ASCON-project/workspace/ascon_app/_ide/psinit/ps7_init.tcl
ps7_init
ps7_post_config
targets -set -nocase -filter {name =~ "*A9*#0"}
dow C:/Users/david/Documents/ASCON-project/workspace/ascon_app/Debug/ascon_app.elf
configparams force-mem-access 0
----------------End of Script----------------

16:10:24 INFO  : Context for processor 'ps7_cortexa9_0' is selected.
16:10:24 INFO  : 'con' command is executed.
16:10:24 INFO  : ----------------XSDB Script (After Launch)----------------
targets -set -nocase -filter {name =~ "*A9*#0"}
con
----------------End of Script----------------

16:10:24 INFO  : Launch script is exported to file 'C:\Users\david\Documents\ASCON-project\workspace\ascon_app_system\_ide\scripts\debugger_ascon_app-default_1.tcl'
16:25:34 INFO  : Checking for BSP changes to sync application flags for project 'ascon_app'...
16:25:59 INFO  : Disconnected from the channel tcfchan#1.
16:26:00 INFO  : Connected to target on host '127.0.0.1' and port '3121'.
16:26:10 INFO  : ----------------XSDB Script----------------
connect -url tcp:127.0.0.1:3121
----------------End of Script----------------

16:26:10 ERROR : Could not find ARM device on the board for connection 'Local'.
Check if the target is in:
1. Split JTAG - No operations are possible with ARM DAP.
2. Non JTAG bootmode - Bootrom may need time to enable DAP.
Please try again.


Troubleshooting hints:
1. Check whether board is connected to system properly.
2. In case of zynq board, check whether Digilent/Xilinx cable switch settings are correct.
3. If you are using Xilinx Platform Cable USB, ensure that status LED is green.
16:26:20 INFO  : Connected to target on host '127.0.0.1' and port '3121'.
16:26:20 INFO  : Jtag cable 'Digilent Zed 210248781938' is selected.
16:26:20 INFO  : 'jtag frequency' command is executed.
16:26:20 INFO  : Context for 'APU' is selected.
16:26:21 INFO  : System reset is completed.
16:26:24 INFO  : 'after 3000' command is executed.
16:26:24 INFO  : 'targets -set -filter {jtag_cable_name =~ "Digilent Zed 210248781938" && level==0 && jtag_device_ctx=="jsn-Zed-210248781938-23727093-0"}' command is executed.
16:26:27 INFO  : Device configured successfully with "C:/Users/david/Documents/ASCON-project/workspace/ascon_app/_ide/bitstream/design_ascon_wrapper.bit"
16:26:27 INFO  : Context for 'APU' is selected.
16:26:33 INFO  : Hardware design and registers information is loaded from 'C:/Users/david/Documents/ASCON-project/workspace/design_ascon_wrapper/export/design_ascon_wrapper/hw/design_ascon_wrapper.xsa'.
16:26:33 INFO  : 'configparams force-mem-access 1' command is executed.
16:26:33 INFO  : Context for 'APU' is selected.
16:26:33 INFO  : Sourcing of 'C:/Users/david/Documents/ASCON-project/workspace/ascon_app/_ide/psinit/ps7_init.tcl' is done.
16:26:34 INFO  : 'ps7_init' command is executed.
16:26:34 INFO  : 'ps7_post_config' command is executed.
16:26:35 INFO  : Context for processor 'ps7_cortexa9_0' is selected.
16:26:35 INFO  : The application 'C:/Users/david/Documents/ASCON-project/workspace/ascon_app/Debug/ascon_app.elf' is downloaded to processor 'ps7_cortexa9_0'.
16:26:35 INFO  : 'configparams force-mem-access 0' command is executed.
16:26:35 INFO  : ----------------XSDB Script----------------
connect -url tcp:127.0.0.1:3121
targets -set -nocase -filter {name =~"APU*"}
rst -system
after 3000
targets -set -filter {jtag_cable_name =~ "Digilent Zed 210248781938" && level==0 && jtag_device_ctx=="jsn-Zed-210248781938-23727093-0"}
fpga -file C:/Users/david/Documents/ASCON-project/workspace/ascon_app/_ide/bitstream/design_ascon_wrapper.bit
targets -set -nocase -filter {name =~"APU*"}
loadhw -hw C:/Users/david/Documents/ASCON-project/workspace/design_ascon_wrapper/export/design_ascon_wrapper/hw/design_ascon_wrapper.xsa -mem-ranges [list {0x40000000 0xbfffffff}] -regs
configparams force-mem-access 1
targets -set -nocase -filter {name =~"APU*"}
source C:/Users/david/Documents/ASCON-project/workspace/ascon_app/_ide/psinit/ps7_init.tcl
ps7_init
ps7_post_config
targets -set -nocase -filter {name =~ "*A9*#0"}
dow C:/Users/david/Documents/ASCON-project/workspace/ascon_app/Debug/ascon_app.elf
configparams force-mem-access 0
----------------End of Script----------------

16:26:35 INFO  : Context for processor 'ps7_cortexa9_0' is selected.
16:26:35 INFO  : 'con' command is executed.
16:26:35 INFO  : ----------------XSDB Script (After Launch)----------------
targets -set -nocase -filter {name =~ "*A9*#0"}
con
----------------End of Script----------------

16:26:35 INFO  : Launch script is exported to file 'C:\Users\david\Documents\ASCON-project\workspace\ascon_app_system\_ide\scripts\debugger_ascon_app-default_1.tcl'
16:36:08 INFO  : Checking for BSP changes to sync application flags for project 'ascon_app'...
16:36:26 INFO  : Disconnected from the channel tcfchan#2.
16:36:27 INFO  : Connected to target on host '127.0.0.1' and port '3121'.
16:36:28 INFO  : Jtag cable 'Digilent Zed 210248781938' is selected.
16:36:28 INFO  : 'jtag frequency' command is executed.
16:36:28 INFO  : Context for 'APU' is selected.
16:36:28 INFO  : System reset is completed.
16:36:31 INFO  : 'after 3000' command is executed.
16:36:31 INFO  : 'targets -set -filter {jtag_cable_name =~ "Digilent Zed 210248781938" && level==0 && jtag_device_ctx=="jsn-Zed-210248781938-23727093-0"}' command is executed.
16:36:36 INFO  : Device configured successfully with "C:/Users/david/Documents/ASCON-project/workspace/ascon_app/_ide/bitstream/design_ascon_wrapper.bit"
16:36:36 INFO  : Context for 'APU' is selected.
16:36:44 INFO  : Hardware design and registers information is loaded from 'C:/Users/david/Documents/ASCON-project/workspace/design_ascon_wrapper/export/design_ascon_wrapper/hw/design_ascon_wrapper.xsa'.
16:36:44 INFO  : 'configparams force-mem-access 1' command is executed.
16:36:44 INFO  : Context for 'APU' is selected.
16:36:44 INFO  : Sourcing of 'C:/Users/david/Documents/ASCON-project/workspace/ascon_app/_ide/psinit/ps7_init.tcl' is done.
16:36:45 INFO  : 'ps7_init' command is executed.
16:36:45 INFO  : 'ps7_post_config' command is executed.
16:36:45 INFO  : Context for processor 'ps7_cortexa9_0' is selected.
16:36:45 INFO  : The application 'C:/Users/david/Documents/ASCON-project/workspace/ascon_app/Debug/ascon_app.elf' is downloaded to processor 'ps7_cortexa9_0'.
16:36:46 INFO  : 'configparams force-mem-access 0' command is executed.
16:36:46 INFO  : ----------------XSDB Script----------------
connect -url tcp:127.0.0.1:3121
targets -set -nocase -filter {name =~"APU*"}
rst -system
after 3000
targets -set -filter {jtag_cable_name =~ "Digilent Zed 210248781938" && level==0 && jtag_device_ctx=="jsn-Zed-210248781938-23727093-0"}
fpga -file C:/Users/david/Documents/ASCON-project/workspace/ascon_app/_ide/bitstream/design_ascon_wrapper.bit
targets -set -nocase -filter {name =~"APU*"}
loadhw -hw C:/Users/david/Documents/ASCON-project/workspace/design_ascon_wrapper/export/design_ascon_wrapper/hw/design_ascon_wrapper.xsa -mem-ranges [list {0x40000000 0xbfffffff}] -regs
configparams force-mem-access 1
targets -set -nocase -filter {name =~"APU*"}
source C:/Users/david/Documents/ASCON-project/workspace/ascon_app/_ide/psinit/ps7_init.tcl
ps7_init
ps7_post_config
targets -set -nocase -filter {name =~ "*A9*#0"}
dow C:/Users/david/Documents/ASCON-project/workspace/ascon_app/Debug/ascon_app.elf
configparams force-mem-access 0
----------------End of Script----------------

16:36:46 INFO  : Context for processor 'ps7_cortexa9_0' is selected.
16:36:46 INFO  : 'con' command is executed.
16:36:46 INFO  : ----------------XSDB Script (After Launch)----------------
targets -set -nocase -filter {name =~ "*A9*#0"}
con
----------------End of Script----------------

16:36:46 INFO  : Launch script is exported to file 'C:\Users\david\Documents\ASCON-project\workspace\ascon_app_system\_ide\scripts\debugger_ascon_app-default_1.tcl'
16:44:48 INFO  : Checking for BSP changes to sync application flags for project 'ascon_app'...
16:45:06 INFO  : Disconnected from the channel tcfchan#3.
16:45:07 INFO  : Connected to target on host '127.0.0.1' and port '3121'.
16:45:08 INFO  : Jtag cable 'Digilent Zed 210248781938' is selected.
16:45:08 INFO  : 'jtag frequency' command is executed.
16:45:08 INFO  : Context for 'APU' is selected.
16:45:08 INFO  : System reset is completed.
16:45:11 INFO  : 'after 3000' command is executed.
16:45:11 INFO  : 'targets -set -filter {jtag_cable_name =~ "Digilent Zed 210248781938" && level==0 && jtag_device_ctx=="jsn-Zed-210248781938-23727093-0"}' command is executed.
16:45:14 INFO  : Device configured successfully with "C:/Users/david/Documents/ASCON-project/workspace/ascon_app/_ide/bitstream/design_ascon_wrapper.bit"
16:45:14 INFO  : Context for 'APU' is selected.
16:45:19 INFO  : Hardware design and registers information is loaded from 'C:/Users/david/Documents/ASCON-project/workspace/design_ascon_wrapper/export/design_ascon_wrapper/hw/design_ascon_wrapper.xsa'.
16:45:19 INFO  : 'configparams force-mem-access 1' command is executed.
16:45:19 INFO  : Context for 'APU' is selected.
16:45:19 INFO  : Sourcing of 'C:/Users/david/Documents/ASCON-project/workspace/ascon_app/_ide/psinit/ps7_init.tcl' is done.
16:45:20 INFO  : 'ps7_init' command is executed.
16:45:20 INFO  : 'ps7_post_config' command is executed.
16:45:20 INFO  : Context for processor 'ps7_cortexa9_0' is selected.
16:45:21 INFO  : The application 'C:/Users/david/Documents/ASCON-project/workspace/ascon_app/Debug/ascon_app.elf' is downloaded to processor 'ps7_cortexa9_0'.
16:45:21 INFO  : 'configparams force-mem-access 0' command is executed.
16:45:21 INFO  : ----------------XSDB Script----------------
connect -url tcp:127.0.0.1:3121
targets -set -nocase -filter {name =~"APU*"}
rst -system
after 3000
targets -set -filter {jtag_cable_name =~ "Digilent Zed 210248781938" && level==0 && jtag_device_ctx=="jsn-Zed-210248781938-23727093-0"}
fpga -file C:/Users/david/Documents/ASCON-project/workspace/ascon_app/_ide/bitstream/design_ascon_wrapper.bit
targets -set -nocase -filter {name =~"APU*"}
loadhw -hw C:/Users/david/Documents/ASCON-project/workspace/design_ascon_wrapper/export/design_ascon_wrapper/hw/design_ascon_wrapper.xsa -mem-ranges [list {0x40000000 0xbfffffff}] -regs
configparams force-mem-access 1
targets -set -nocase -filter {name =~"APU*"}
source C:/Users/david/Documents/ASCON-project/workspace/ascon_app/_ide/psinit/ps7_init.tcl
ps7_init
ps7_post_config
targets -set -nocase -filter {name =~ "*A9*#0"}
dow C:/Users/david/Documents/ASCON-project/workspace/ascon_app/Debug/ascon_app.elf
configparams force-mem-access 0
----------------End of Script----------------

16:45:21 INFO  : Context for processor 'ps7_cortexa9_0' is selected.
16:45:21 INFO  : 'con' command is executed.
16:45:21 INFO  : ----------------XSDB Script (After Launch)----------------
targets -set -nocase -filter {name =~ "*A9*#0"}
con
----------------End of Script----------------

16:45:21 INFO  : Launch script is exported to file 'C:\Users\david\Documents\ASCON-project\workspace\ascon_app_system\_ide\scripts\debugger_ascon_app-default_1.tcl'
16:46:31 INFO  : Checking for BSP changes to sync application flags for project 'ascon_app'...
16:51:27 INFO  : Checking for BSP changes to sync application flags for project 'ascon_app'...
16:51:55 INFO  : Disconnected from the channel tcfchan#4.
16:51:56 INFO  : Connected to target on host '127.0.0.1' and port '3121'.
16:51:56 INFO  : Jtag cable 'Digilent Zed 210248781938' is selected.
16:51:56 INFO  : 'jtag frequency' command is executed.
16:51:56 INFO  : Context for 'APU' is selected.
16:51:56 INFO  : System reset is completed.
16:51:59 INFO  : 'after 3000' command is executed.
16:51:59 INFO  : 'targets -set -filter {jtag_cable_name =~ "Digilent Zed 210248781938" && level==0 && jtag_device_ctx=="jsn-Zed-210248781938-23727093-0"}' command is executed.
16:52:02 INFO  : Device configured successfully with "C:/Users/david/Documents/ASCON-project/workspace/ascon_app/_ide/bitstream/design_ascon_wrapper.bit"
16:52:02 INFO  : Context for 'APU' is selected.
16:52:09 INFO  : Hardware design and registers information is loaded from 'C:/Users/david/Documents/ASCON-project/workspace/design_ascon_wrapper/export/design_ascon_wrapper/hw/design_ascon_wrapper.xsa'.
16:52:09 INFO  : 'configparams force-mem-access 1' command is executed.
16:52:09 INFO  : Context for 'APU' is selected.
16:52:09 INFO  : Sourcing of 'C:/Users/david/Documents/ASCON-project/workspace/ascon_app/_ide/psinit/ps7_init.tcl' is done.
16:52:10 INFO  : 'ps7_init' command is executed.
16:52:10 INFO  : 'ps7_post_config' command is executed.
16:52:10 INFO  : Context for processor 'ps7_cortexa9_0' is selected.
16:52:10 INFO  : The application 'C:/Users/david/Documents/ASCON-project/workspace/ascon_app/Debug/ascon_app.elf' is downloaded to processor 'ps7_cortexa9_0'.
16:52:10 INFO  : 'configparams force-mem-access 0' command is executed.
16:52:10 INFO  : ----------------XSDB Script----------------
connect -url tcp:127.0.0.1:3121
targets -set -nocase -filter {name =~"APU*"}
rst -system
after 3000
targets -set -filter {jtag_cable_name =~ "Digilent Zed 210248781938" && level==0 && jtag_device_ctx=="jsn-Zed-210248781938-23727093-0"}
fpga -file C:/Users/david/Documents/ASCON-project/workspace/ascon_app/_ide/bitstream/design_ascon_wrapper.bit
targets -set -nocase -filter {name =~"APU*"}
loadhw -hw C:/Users/david/Documents/ASCON-project/workspace/design_ascon_wrapper/export/design_ascon_wrapper/hw/design_ascon_wrapper.xsa -mem-ranges [list {0x40000000 0xbfffffff}] -regs
configparams force-mem-access 1
targets -set -nocase -filter {name =~"APU*"}
source C:/Users/david/Documents/ASCON-project/workspace/ascon_app/_ide/psinit/ps7_init.tcl
ps7_init
ps7_post_config
targets -set -nocase -filter {name =~ "*A9*#0"}
dow C:/Users/david/Documents/ASCON-project/workspace/ascon_app/Debug/ascon_app.elf
configparams force-mem-access 0
----------------End of Script----------------

16:52:11 INFO  : Context for processor 'ps7_cortexa9_0' is selected.
16:52:11 INFO  : 'con' command is executed.
16:52:11 INFO  : ----------------XSDB Script (After Launch)----------------
targets -set -nocase -filter {name =~ "*A9*#0"}
con
----------------End of Script----------------

16:52:11 INFO  : Launch script is exported to file 'C:\Users\david\Documents\ASCON-project\workspace\ascon_app_system\_ide\scripts\debugger_ascon_app-default_1.tcl'
17:01:28 INFO  : Disconnected from the channel tcfchan#5.
17:01:29 INFO  : Connected to target on host '127.0.0.1' and port '3121'.
17:01:39 INFO  : ----------------XSDB Script----------------
connect -url tcp:127.0.0.1:3121
----------------End of Script----------------

17:01:39 ERROR : Could not find ARM device on the board for connection 'Local'.
Check if the target is in:
1. Split JTAG - No operations are possible with ARM DAP.
2. Non JTAG bootmode - Bootrom may need time to enable DAP.
Please try again.


Troubleshooting hints:
1. Check whether board is connected to system properly.
2. In case of zynq board, check whether Digilent/Xilinx cable switch settings are correct.
3. If you are using Xilinx Platform Cable USB, ensure that status LED is green.
17:02:23 INFO  : Connected to target on host '127.0.0.1' and port '3121'.
17:02:23 INFO  : Jtag cable 'Digilent Zed 210248781938' is selected.
17:02:23 INFO  : 'jtag frequency' command is executed.
17:02:23 INFO  : Context for 'APU' is selected.
17:02:23 INFO  : System reset is completed.
17:02:26 INFO  : 'after 3000' command is executed.
17:02:27 INFO  : 'targets -set -filter {jtag_cable_name =~ "Digilent Zed 210248781938" && level==0 && jtag_device_ctx=="jsn-Zed-210248781938-23727093-0"}' command is executed.
17:02:30 INFO  : Device configured successfully with "C:/Users/david/Documents/ASCON-project/workspace/ascon_app/_ide/bitstream/design_ascon_wrapper.bit"
17:02:30 INFO  : Context for 'APU' is selected.
17:02:36 INFO  : Hardware design and registers information is loaded from 'C:/Users/david/Documents/ASCON-project/workspace/design_ascon_wrapper/export/design_ascon_wrapper/hw/design_ascon_wrapper.xsa'.
17:02:36 INFO  : 'configparams force-mem-access 1' command is executed.
17:02:36 INFO  : Context for 'APU' is selected.
17:02:36 INFO  : Sourcing of 'C:/Users/david/Documents/ASCON-project/workspace/ascon_app/_ide/psinit/ps7_init.tcl' is done.
17:02:37 INFO  : 'ps7_init' command is executed.
17:02:37 INFO  : 'ps7_post_config' command is executed.
17:02:37 INFO  : Context for processor 'ps7_cortexa9_0' is selected.
17:02:37 INFO  : The application 'C:/Users/david/Documents/ASCON-project/workspace/ascon_app/Debug/ascon_app.elf' is downloaded to processor 'ps7_cortexa9_0'.
17:02:37 INFO  : 'configparams force-mem-access 0' command is executed.
17:02:37 INFO  : ----------------XSDB Script----------------
connect -url tcp:127.0.0.1:3121
targets -set -nocase -filter {name =~"APU*"}
rst -system
after 3000
targets -set -filter {jtag_cable_name =~ "Digilent Zed 210248781938" && level==0 && jtag_device_ctx=="jsn-Zed-210248781938-23727093-0"}
fpga -file C:/Users/david/Documents/ASCON-project/workspace/ascon_app/_ide/bitstream/design_ascon_wrapper.bit
targets -set -nocase -filter {name =~"APU*"}
loadhw -hw C:/Users/david/Documents/ASCON-project/workspace/design_ascon_wrapper/export/design_ascon_wrapper/hw/design_ascon_wrapper.xsa -mem-ranges [list {0x40000000 0xbfffffff}] -regs
configparams force-mem-access 1
targets -set -nocase -filter {name =~"APU*"}
source C:/Users/david/Documents/ASCON-project/workspace/ascon_app/_ide/psinit/ps7_init.tcl
ps7_init
ps7_post_config
targets -set -nocase -filter {name =~ "*A9*#0"}
dow C:/Users/david/Documents/ASCON-project/workspace/ascon_app/Debug/ascon_app.elf
configparams force-mem-access 0
----------------End of Script----------------

17:02:37 INFO  : Context for processor 'ps7_cortexa9_0' is selected.
17:02:37 INFO  : 'con' command is executed.
17:02:37 INFO  : ----------------XSDB Script (After Launch)----------------
targets -set -nocase -filter {name =~ "*A9*#0"}
con
----------------End of Script----------------

17:02:37 INFO  : Launch script is exported to file 'C:\Users\david\Documents\ASCON-project\workspace\ascon_app_system\_ide\scripts\debugger_ascon_app-default_1.tcl'
17:06:03 INFO  : Checking for BSP changes to sync application flags for project 'ascon_app'...
17:06:22 INFO  : Disconnected from the channel tcfchan#6.
17:06:23 INFO  : Connected to target on host '127.0.0.1' and port '3121'.
17:06:25 INFO  : Jtag cable 'Digilent Zed 210248781938' is selected.
17:06:25 INFO  : 'jtag frequency' command is executed.
17:06:25 INFO  : Context for 'APU' is selected.
17:06:25 INFO  : System reset is completed.
17:06:28 INFO  : 'after 3000' command is executed.
17:06:29 INFO  : 'targets -set -filter {jtag_cable_name =~ "Digilent Zed 210248781938" && level==0 && jtag_device_ctx=="jsn-Zed-210248781938-23727093-0"}' command is executed.
17:06:31 INFO  : Device configured successfully with "C:/Users/david/Documents/ASCON-project/workspace/ascon_app/_ide/bitstream/design_ascon_wrapper.bit"
17:06:32 INFO  : Context for 'APU' is selected.
17:06:36 INFO  : Hardware design and registers information is loaded from 'C:/Users/david/Documents/ASCON-project/workspace/design_ascon_wrapper/export/design_ascon_wrapper/hw/design_ascon_wrapper.xsa'.
17:06:36 INFO  : 'configparams force-mem-access 1' command is executed.
17:06:36 INFO  : Context for 'APU' is selected.
17:06:36 INFO  : Sourcing of 'C:/Users/david/Documents/ASCON-project/workspace/ascon_app/_ide/psinit/ps7_init.tcl' is done.
17:06:38 INFO  : 'ps7_init' command is executed.
17:06:38 INFO  : 'ps7_post_config' command is executed.
17:06:38 INFO  : Context for processor 'ps7_cortexa9_0' is selected.
17:06:38 INFO  : The application 'C:/Users/david/Documents/ASCON-project/workspace/ascon_app/Debug/ascon_app.elf' is downloaded to processor 'ps7_cortexa9_0'.
17:06:38 INFO  : 'configparams force-mem-access 0' command is executed.
17:06:38 INFO  : ----------------XSDB Script----------------
connect -url tcp:127.0.0.1:3121
targets -set -nocase -filter {name =~"APU*"}
rst -system
after 3000
targets -set -filter {jtag_cable_name =~ "Digilent Zed 210248781938" && level==0 && jtag_device_ctx=="jsn-Zed-210248781938-23727093-0"}
fpga -file C:/Users/david/Documents/ASCON-project/workspace/ascon_app/_ide/bitstream/design_ascon_wrapper.bit
targets -set -nocase -filter {name =~"APU*"}
loadhw -hw C:/Users/david/Documents/ASCON-project/workspace/design_ascon_wrapper/export/design_ascon_wrapper/hw/design_ascon_wrapper.xsa -mem-ranges [list {0x40000000 0xbfffffff}] -regs
configparams force-mem-access 1
targets -set -nocase -filter {name =~"APU*"}
source C:/Users/david/Documents/ASCON-project/workspace/ascon_app/_ide/psinit/ps7_init.tcl
ps7_init
ps7_post_config
targets -set -nocase -filter {name =~ "*A9*#0"}
dow C:/Users/david/Documents/ASCON-project/workspace/ascon_app/Debug/ascon_app.elf
configparams force-mem-access 0
----------------End of Script----------------

17:06:38 INFO  : Context for processor 'ps7_cortexa9_0' is selected.
17:06:38 INFO  : 'con' command is executed.
17:06:38 INFO  : ----------------XSDB Script (After Launch)----------------
targets -set -nocase -filter {name =~ "*A9*#0"}
con
----------------End of Script----------------

17:06:38 INFO  : Launch script is exported to file 'C:\Users\david\Documents\ASCON-project\workspace\ascon_app_system\_ide\scripts\debugger_ascon_app-default_1.tcl'
17:15:07 ERROR : Emulation support is not available for Windows OS. 
17:15:12 INFO  : Disconnected from the channel tcfchan#7.
17:16:17 DEBUG : Logs will be stored at 'C:/Users/david/Documents/ASCON-project/workspace/IDE.log'.
17:16:18 INFO  : Launching XSCT server: xsct.bat -n  -interactive C:\Users\david\Documents\ASCON-project\workspace\temp_xsdb_launch_script.tcl
17:16:27 INFO  : XSCT server has started successfully.
17:16:27 INFO  : Registering command handlers for Vitis TCF services
17:16:27 INFO  : Platform repository initialization has completed.
17:16:33 INFO  : plnx-install-location is set to ''
17:16:33 INFO  : Successfully done query RDI_DATADIR 
17:16:33 INFO  : Successfully done setting XSCT server connection channel  
17:16:33 INFO  : Successfully done setting workspace for the tool. 
17:31:20 INFO  : Checking for BSP changes to sync application flags for project 'ascon_app'...
17:32:46 INFO  : Connected to target on host '127.0.0.1' and port '3121'.
17:32:47 INFO  : Jtag cable 'Digilent Zed 210248781938' is selected.
17:32:47 INFO  : 'jtag frequency' command is executed.
17:32:47 INFO  : Context for 'APU' is selected.
17:32:47 INFO  : System reset is completed.
17:32:50 INFO  : 'after 3000' command is executed.
17:32:50 INFO  : 'targets -set -filter {jtag_cable_name =~ "Digilent Zed 210248781938" && level==0 && jtag_device_ctx=="jsn-Zed-210248781938-23727093-0"}' command is executed.
17:32:53 INFO  : Device configured successfully with "C:/Users/david/Documents/ASCON-project/workspace/ascon_app/_ide/bitstream/design_ascon_wrapper.bit"
17:32:53 INFO  : Context for 'APU' is selected.
17:32:54 INFO  : Hardware design and registers information is loaded from 'C:/Users/david/Documents/ASCON-project/workspace/design_ascon_wrapper/export/design_ascon_wrapper/hw/design_ascon_wrapper.xsa'.
17:32:54 INFO  : 'configparams force-mem-access 1' command is executed.
17:32:54 INFO  : Context for 'APU' is selected.
17:32:54 INFO  : Sourcing of 'C:/Users/david/Documents/ASCON-project/workspace/ascon_app/_ide/psinit/ps7_init.tcl' is done.
17:32:55 INFO  : 'ps7_init' command is executed.
17:32:55 INFO  : 'ps7_post_config' command is executed.
17:32:55 INFO  : Context for processor 'ps7_cortexa9_0' is selected.
17:32:56 INFO  : The application 'C:/Users/david/Documents/ASCON-project/workspace/ascon_app/Debug/ascon_app.elf' is downloaded to processor 'ps7_cortexa9_0'.
17:32:56 INFO  : 'configparams force-mem-access 0' command is executed.
17:32:56 INFO  : ----------------XSDB Script----------------
connect -url tcp:127.0.0.1:3121
targets -set -nocase -filter {name =~"APU*"}
rst -system
after 3000
targets -set -filter {jtag_cable_name =~ "Digilent Zed 210248781938" && level==0 && jtag_device_ctx=="jsn-Zed-210248781938-23727093-0"}
fpga -file C:/Users/david/Documents/ASCON-project/workspace/ascon_app/_ide/bitstream/design_ascon_wrapper.bit
targets -set -nocase -filter {name =~"APU*"}
loadhw -hw C:/Users/david/Documents/ASCON-project/workspace/design_ascon_wrapper/export/design_ascon_wrapper/hw/design_ascon_wrapper.xsa -mem-ranges [list {0x40000000 0xbfffffff}] -regs
configparams force-mem-access 1
targets -set -nocase -filter {name =~"APU*"}
source C:/Users/david/Documents/ASCON-project/workspace/ascon_app/_ide/psinit/ps7_init.tcl
ps7_init
ps7_post_config
targets -set -nocase -filter {name =~ "*A9*#0"}
dow C:/Users/david/Documents/ASCON-project/workspace/ascon_app/Debug/ascon_app.elf
configparams force-mem-access 0
----------------End of Script----------------

17:32:56 INFO  : Context for processor 'ps7_cortexa9_0' is selected.
17:32:56 INFO  : 'con' command is executed.
17:32:56 INFO  : ----------------XSDB Script (After Launch)----------------
targets -set -nocase -filter {name =~ "*A9*#0"}
con
----------------End of Script----------------

17:32:56 INFO  : Disconnected from the channel tcfchan#1.
